{"/home/travis/build/npmtest/node-npmtest-phaser-tiled/test.js":{"path":"/home/travis/build/npmtest/node-npmtest-phaser-tiled/test.js","s":{"1":2,"2":2,"3":2,"4":2,"5":2,"6":2,"7":2,"8":1,"9":2,"10":2,"11":1,"12":1,"13":1,"14":1,"15":2,"16":2,"17":2,"18":2,"19":1,"20":1,"21":2,"22":2,"23":2,"24":1,"25":1,"26":1,"27":1,"28":1,"29":1,"30":1,"31":1,"32":1,"33":1,"34":1,"35":1,"36":1,"37":1,"38":1,"39":2,"40":2,"41":1,"42":2,"43":2,"44":1,"45":2,"46":2,"47":1,"48":2,"49":2,"50":1,"51":1,"52":1,"53":1,"54":1},"b":{"1":[2,1,1,1],"2":[1,1,1,1],"3":[1,1],"4":[1,1],"5":[1,1],"6":[1,1],"7":[1,1],"8":[1,1],"9":[1,1],"10":[1,1,1],"11":[1,1],"12":[1,1],"13":[1,1],"14":[1,1],"15":[1,1],"16":[1,1],"17":[1,1]},"f":{"1":2,"2":2,"3":2,"4":2,"5":2,"6":1,"7":1,"8":1,"9":2,"10":2,"11":2,"12":2,"13":1},"fnMap":{"1":{"name":"(anonymous_1)","line":12,"loc":{"start":{"line":12,"column":1},"end":{"line":12,"column":13}}},"2":{"name":"(anonymous_2)","line":19,"loc":{"start":{"line":19,"column":5},"end":{"line":19,"column":17}}},"3":{"name":"(anonymous_3)","line":23,"loc":{"start":{"line":23,"column":24},"end":{"line":23,"column":36}}},"4":{"name":"(anonymous_4)","line":61,"loc":{"start":{"line":61,"column":5},"end":{"line":61,"column":17}}},"5":{"name":"(anonymous_5)","line":82,"loc":{"start":{"line":82,"column":5},"end":{"line":82,"column":17}}},"6":{"name":"(anonymous_6)","line":91,"loc":{"start":{"line":91,"column":77},"end":{"line":94,"column":10}}},"7":{"name":"(anonymous_7)","line":112,"loc":{"start":{"line":112,"column":83},"end":{"line":115,"column":10}},"skip":true},"8":{"name":"(anonymous_8)","line":123,"loc":{"start":{"line":123,"column":77},"end":{"line":126,"column":10}},"skip":true},"9":{"name":"(anonymous_9)","line":139,"loc":{"start":{"line":139,"column":12},"end":{"line":139,"column":40}},"skip":true},"10":{"name":"(anonymous_10)","line":147,"loc":{"start":{"line":147,"column":77},"end":{"line":150,"column":10}},"skip":true},"11":{"name":"(anonymous_11)","line":158,"loc":{"start":{"line":158,"column":83},"end":{"line":161,"column":10}},"skip":true},"12":{"name":"(anonymous_12)","line":169,"loc":{"start":{"line":169,"column":79},"end":{"line":172,"column":10}},"skip":true},"13":{"name":"(anonymous_13)","line":180,"loc":{"start":{"line":180,"column":75},"end":{"line":183,"column":10}},"skip":true}},"statementMap":{"1":{"start":{"line":12,"column":0},"end":{"line":195,"column":5}},"2":{"start":{"line":14,"column":4},"end":{"line":14,"column":14}},"3":{"start":{"line":19,"column":4},"end":{"line":56,"column":9}},"4":{"start":{"line":21,"column":8},"end":{"line":21,"column":19}},"5":{"start":{"line":23,"column":8},"end":{"line":35,"column":13}},"6":{"start":{"line":24,"column":12},"end":{"line":34,"column":13}},"7":{"start":{"line":25,"column":16},"end":{"line":28,"column":30}},"8":{"start":{"line":30,"column":16},"end":{"line":33,"column":27}},"9":{"start":{"line":37,"column":8},"end":{"line":39,"column":21}},"10":{"start":{"line":40,"column":8},"end":{"line":53,"column":9}},"11":{"start":{"line":43,"column":12},"end":{"line":46,"column":14}},"12":{"start":{"line":47,"column":12},"end":{"line":47,"column":18}},"13":{"start":{"line":50,"column":12},"end":{"line":51,"column":33}},"14":{"start":{"line":52,"column":12},"end":{"line":52,"column":18}},"15":{"start":{"line":55,"column":8},"end":{"line":55,"column":35}},"16":{"start":{"line":61,"column":4},"end":{"line":63,"column":9}},"17":{"start":{"line":62,"column":8},"end":{"line":62,"column":15}},"18":{"start":{"line":64,"column":4},"end":{"line":77,"column":5}},"19":{"start":{"line":70,"column":8},"end":{"line":70,"column":14}},"20":{"start":{"line":76,"column":8},"end":{"line":76,"column":14}},"21":{"start":{"line":82,"column":4},"end":{"line":84,"column":9}},"22":{"start":{"line":83,"column":8},"end":{"line":83,"column":15}},"23":{"start":{"line":85,"column":4},"end":{"line":194,"column":5}},"24":{"start":{"line":91,"column":8},"end":{"line":99,"column":10}},"25":{"start":{"line":98,"column":12},"end":{"line":98,"column":35}},"26":{"start":{"line":102,"column":8},"end":{"line":104,"column":63}},"27":{"start":{"line":105,"column":8},"end":{"line":105,"column":14}},"28":{"start":{"line":112,"column":8},"end":{"line":121,"column":10},"skip":true},"29":{"start":{"line":119,"column":12},"end":{"line":119,"column":55},"skip":true},"30":{"start":{"line":120,"column":12},"end":{"line":120,"column":48},"skip":true},"31":{"start":{"line":123,"column":8},"end":{"line":136,"column":10},"skip":true},"32":{"start":{"line":130,"column":12},"end":{"line":130,"column":76},"skip":true},"33":{"start":{"line":131,"column":12},"end":{"line":131,"column":73},"skip":true},"34":{"start":{"line":132,"column":12},"end":{"line":132,"column":74},"skip":true},"35":{"start":{"line":133,"column":12},"end":{"line":133,"column":79},"skip":true},"36":{"start":{"line":134,"column":12},"end":{"line":134,"column":25},"skip":true},"37":{"start":{"line":135,"column":12},"end":{"line":135,"column":45},"skip":true},"38":{"start":{"line":138,"column":8},"end":{"line":145,"column":14},"skip":true},"39":{"start":{"line":143,"column":16},"end":{"line":143,"column":29},"skip":true},"40":{"start":{"line":144,"column":16},"end":{"line":144,"column":55},"skip":true},"41":{"start":{"line":147,"column":8},"end":{"line":156,"column":10},"skip":true},"42":{"start":{"line":154,"column":12},"end":{"line":154,"column":25},"skip":true},"43":{"start":{"line":155,"column":12},"end":{"line":155,"column":45},"skip":true},"44":{"start":{"line":158,"column":8},"end":{"line":167,"column":10},"skip":true},"45":{"start":{"line":165,"column":12},"end":{"line":165,"column":25},"skip":true},"46":{"start":{"line":166,"column":12},"end":{"line":166,"column":48},"skip":true},"47":{"start":{"line":169,"column":8},"end":{"line":178,"column":10},"skip":true},"48":{"start":{"line":176,"column":12},"end":{"line":176,"column":25},"skip":true},"49":{"start":{"line":177,"column":12},"end":{"line":177,"column":46},"skip":true},"50":{"start":{"line":180,"column":8},"end":{"line":189,"column":10},"skip":true},"51":{"start":{"line":187,"column":12},"end":{"line":187,"column":94},"skip":true},"52":{"start":{"line":188,"column":12},"end":{"line":188,"column":48},"skip":true},"53":{"start":{"line":192,"column":8},"end":{"line":192,"column":35},"skip":true},"54":{"start":{"line":193,"column":8},"end":{"line":193,"column":14},"skip":true}},"branchMap":{"1":{"line":25,"type":"binary-expr","locations":[{"start":{"line":25,"column":23},"end":{"line":25,"column":62}},{"start":{"line":26,"column":20},"end":{"line":26,"column":70}},{"start":{"line":27,"column":20},"end":{"line":27,"column":71}},{"start":{"line":28,"column":20},"end":{"line":28,"column":29}}]},"2":{"line":30,"type":"binary-expr","locations":[{"start":{"line":30,"column":23},"end":{"line":30,"column":37}},{"start":{"line":31,"column":20},"end":{"line":31,"column":61}},{"start":{"line":32,"column":20},"end":{"line":32,"column":70}},{"start":{"line":33,"column":20},"end":{"line":33,"column":26}}]},"3":{"line":37,"type":"cond-expr","locations":[{"start":{"line":38,"column":14},"end":{"line":38,"column":20}},{"start":{"line":39,"column":14},"end":{"line":39,"column":20}}]},"4":{"line":40,"type":"switch","locations":[{"start":{"line":42,"column":8},"end":{"line":47,"column":18}},{"start":{"line":49,"column":8},"end":{"line":52,"column":18}}]},"5":{"line":44,"type":"binary-expr","locations":[{"start":{"line":44,"column":16},"end":{"line":44,"column":44}},{"start":{"line":44,"column":48},"end":{"line":44,"column":66}}]},"6":{"line":50,"type":"binary-expr","locations":[{"start":{"line":50,"column":21},"end":{"line":50,"column":49}},{"start":{"line":50,"column":53},"end":{"line":50,"column":72}}]},"7":{"line":64,"type":"switch","locations":[{"start":{"line":69,"column":4},"end":{"line":70,"column":14}},{"start":{"line":75,"column":4},"end":{"line":76,"column":14}}]},"8":{"line":85,"type":"switch","locations":[{"start":{"line":90,"column":4},"end":{"line":105,"column":14}},{"start":{"line":111,"column":4},"end":{"line":193,"column":14},"skip":true}]},"9":{"line":91,"type":"binary-expr","locations":[{"start":{"line":91,"column":42},"end":{"line":91,"column":73}},{"start":{"line":91,"column":77},"end":{"line":99,"column":9}}]},"10":{"line":102,"type":"binary-expr","locations":[{"start":{"line":102,"column":18},"end":{"line":102,"column":32}},{"start":{"line":103,"column":12},"end":{"line":103,"column":53}},{"start":{"line":104,"column":12},"end":{"line":104,"column":61}}]},"11":{"line":112,"type":"binary-expr","locations":[{"start":{"line":112,"column":45},"end":{"line":112,"column":79},"skip":true},{"start":{"line":112,"column":83},"end":{"line":121,"column":9},"skip":true}]},"12":{"line":123,"type":"binary-expr","locations":[{"start":{"line":123,"column":42},"end":{"line":123,"column":73},"skip":true},{"start":{"line":123,"column":77},"end":{"line":136,"column":9},"skip":true}]},"13":{"line":138,"type":"binary-expr","locations":[{"start":{"line":138,"column":48},"end":{"line":138,"column":85},"skip":true},{"start":{"line":139,"column":12},"end":{"line":145,"column":13},"skip":true}]},"14":{"line":147,"type":"binary-expr","locations":[{"start":{"line":147,"column":42},"end":{"line":147,"column":73},"skip":true},{"start":{"line":147,"column":77},"end":{"line":156,"column":9},"skip":true}]},"15":{"line":158,"type":"binary-expr","locations":[{"start":{"line":158,"column":45},"end":{"line":158,"column":79},"skip":true},{"start":{"line":158,"column":83},"end":{"line":167,"column":9},"skip":true}]},"16":{"line":169,"type":"binary-expr","locations":[{"start":{"line":169,"column":43},"end":{"line":169,"column":75},"skip":true},{"start":{"line":169,"column":79},"end":{"line":178,"column":9},"skip":true}]},"17":{"line":180,"type":"binary-expr","locations":[{"start":{"line":180,"column":41},"end":{"line":180,"column":71},"skip":true},{"start":{"line":180,"column":75},"end":{"line":189,"column":9},"skip":true}]}},"code":["/* istanbul instrument in package npmtest_phaser_tiled */","/*jslint","    bitwise: true,","    browser: true,","    maxerr: 8,","    maxlen: 96,","    node: true,","    nomen: true,","    regexp: true,","    stupid: true","*/","(function () {","    'use strict';","    var local;","","","","    // run shared js-env code - init-before","    (function () {","        // init local","        local = {};","        // init modeJs","        local.modeJs = (function () {","            try {","                return typeof navigator.userAgent === 'string' &&","                    typeof document.querySelector('body') === 'object' &&","                    typeof XMLHttpRequest.prototype.open === 'function' &&","                    'browser';","            } catch (errorCaughtBrowser) {","                return module.exports &&","                    typeof process.versions.node === 'string' &&","                    typeof require('http').createServer === 'function' &&","                    'node';","            }","        }());","        // init global","        local.global = local.modeJs === 'browser'","            ? window","            : global;","        switch (local.modeJs) {","        // re-init local from window.local","        case 'browser':","            local = local.global.utility2.objectSetDefault(","                local.global.utility2_rollup || local.global.local,","                local.global.utility2","            );","            break;","        // re-init local from example.js","        case 'node':","            local = (local.global.utility2_rollup || require('utility2'))","                .requireReadme();","            break;","        }","        // export local","        local.global.local = local;","    }());","","","","    // run shared js-env code - function","    (function () {","        return;","    }());","    switch (local.modeJs) {","","","","    // run browser js-env code - function","    case 'browser':","        break;","","","","    // run node js-env code - function","    case 'node':","        break;","    }","","","","    // run shared js-env code - init-after","    (function () {","        return;","    }());","    switch (local.modeJs) {","","","","    // run browser js-env code - init-after","    case 'browser':","        local.testCase_browser_nullCase = local.testCase_browser_nullCase || function (","            options,","            onError","        ) {","        /*","         * this function will test browsers's null-case handling-behavior-behavior","         */","            onError(null, options);","        };","","        // run tests","        local.nop(local.modeTest &&","            document.querySelector('#testRunButton1') &&","            document.querySelector('#testRunButton1').click());","        break;","","","","    // run node js-env code - init-after","    /* istanbul ignore next */","    case 'node':","        local.testCase_buildApidoc_default = local.testCase_buildApidoc_default || function (","            options,","            onError","        ) {","        /*","         * this function will test buildApidoc's default handling-behavior-behavior","         */","            options = { modulePathList: module.paths };","            local.buildApidoc(options, onError);","        };","","        local.testCase_buildApp_default = local.testCase_buildApp_default || function (","            options,","            onError","        ) {","        /*","         * this function will test buildApp's default handling-behavior-behavior","         */","            local.testCase_buildReadme_default(options, local.onErrorThrow);","            local.testCase_buildLib_default(options, local.onErrorThrow);","            local.testCase_buildTest_default(options, local.onErrorThrow);","            local.testCase_buildCustomOrg_default(options, local.onErrorThrow);","            options = [];","            local.buildApp(options, onError);","        };","","        local.testCase_buildCustomOrg_default = local.testCase_buildCustomOrg_default ||","            function (options, onError) {","            /*","             * this function will test buildCustomOrg's default handling-behavior","             */","                options = {};","                local.buildCustomOrg(options, onError);","            };","","        local.testCase_buildLib_default = local.testCase_buildLib_default || function (","            options,","            onError","        ) {","        /*","         * this function will test buildLib's default handling-behavior","         */","            options = {};","            local.buildLib(options, onError);","        };","","        local.testCase_buildReadme_default = local.testCase_buildReadme_default || function (","            options,","            onError","        ) {","        /*","         * this function will test buildReadme's default handling-behavior-behavior","         */","            options = {};","            local.buildReadme(options, onError);","        };","","        local.testCase_buildTest_default = local.testCase_buildTest_default || function (","            options,","            onError","        ) {","        /*","         * this function will test buildTest's default handling-behavior","         */","            options = {};","            local.buildTest(options, onError);","        };","","        local.testCase_webpage_default = local.testCase_webpage_default || function (","            options,","            onError","        ) {","        /*","         * this function will test webpage's default handling-behavior","         */","            options = { modeCoverageMerge: true, url: local.serverLocalHost + '?modeTest=1' };","            local.browserTest(options, onError);","        };","","        // run test-server","        local.testRunServer(local);","        break;","    }","}());",""],"l":{"12":2,"14":2,"19":2,"21":2,"23":2,"24":2,"25":2,"30":1,"37":2,"40":2,"43":1,"47":1,"50":1,"52":1,"55":2,"61":2,"62":2,"64":2,"70":1,"76":1,"82":2,"83":2,"85":2,"91":1,"98":1,"102":1,"105":1,"112":1,"119":1,"120":1,"123":1,"130":1,"131":1,"132":1,"133":1,"134":1,"135":1,"138":1,"143":2,"144":2,"147":1,"154":2,"155":2,"158":1,"165":2,"166":2,"169":1,"176":2,"177":2,"180":1,"187":1,"188":1,"192":1,"193":1}},"/home/travis/build/npmtest/node-npmtest-phaser-tiled/lib.npmtest_phaser_tiled.js":{"path":"/home/travis/build/npmtest/node-npmtest-phaser-tiled/lib.npmtest_phaser_tiled.js","s":{"1":2,"2":2,"3":2,"4":2,"5":2,"6":2,"7":2,"8":1,"9":2,"10":2,"11":2,"12":2,"13":1,"14":1,"15":1,"16":1},"b":{"1":[2,1,1,1],"2":[1,1,1,1],"3":[1,1],"4":[2,2],"5":[1,1]},"f":{"1":2,"2":2,"3":2},"fnMap":{"1":{"name":"(anonymous_1)","line":12,"loc":{"start":{"line":12,"column":1},"end":{"line":12,"column":13}}},"2":{"name":"(anonymous_2)","line":19,"loc":{"start":{"line":19,"column":5},"end":{"line":19,"column":17}}},"3":{"name":"(anonymous_3)","line":23,"loc":{"start":{"line":23,"column":24},"end":{"line":23,"column":36}}}},"statementMap":{"1":{"start":{"line":12,"column":0},"end":{"line":53,"column":5}},"2":{"start":{"line":14,"column":4},"end":{"line":14,"column":14}},"3":{"start":{"line":19,"column":4},"end":{"line":52,"column":9}},"4":{"start":{"line":21,"column":8},"end":{"line":21,"column":19}},"5":{"start":{"line":23,"column":8},"end":{"line":35,"column":13}},"6":{"start":{"line":24,"column":12},"end":{"line":34,"column":13}},"7":{"start":{"line":25,"column":16},"end":{"line":28,"column":30}},"8":{"start":{"line":30,"column":16},"end":{"line":33,"column":27}},"9":{"start":{"line":37,"column":8},"end":{"line":39,"column":21}},"10":{"start":{"line":41,"column":8},"end":{"line":41,"column":54}},"11":{"start":{"line":43,"column":8},"end":{"line":43,"column":57}},"12":{"start":{"line":45,"column":8},"end":{"line":51,"column":9}},"13":{"start":{"line":46,"column":12},"end":{"line":46,"column":63}},"14":{"start":{"line":48,"column":12},"end":{"line":48,"column":35}},"15":{"start":{"line":49,"column":12},"end":{"line":49,"column":49}},"16":{"start":{"line":50,"column":12},"end":{"line":50,"column":43}}},"branchMap":{"1":{"line":25,"type":"binary-expr","locations":[{"start":{"line":25,"column":23},"end":{"line":25,"column":62}},{"start":{"line":26,"column":20},"end":{"line":26,"column":70}},{"start":{"line":27,"column":20},"end":{"line":27,"column":71}},{"start":{"line":28,"column":20},"end":{"line":28,"column":29}}]},"2":{"line":30,"type":"binary-expr","locations":[{"start":{"line":30,"column":23},"end":{"line":30,"column":37}},{"start":{"line":31,"column":20},"end":{"line":31,"column":61}},{"start":{"line":32,"column":20},"end":{"line":32,"column":70}},{"start":{"line":33,"column":20},"end":{"line":33,"column":26}}]},"3":{"line":37,"type":"cond-expr","locations":[{"start":{"line":38,"column":14},"end":{"line":38,"column":20}},{"start":{"line":39,"column":14},"end":{"line":39,"column":20}}]},"4":{"line":41,"type":"binary-expr","locations":[{"start":{"line":41,"column":16},"end":{"line":41,"column":44}},{"start":{"line":41,"column":48},"end":{"line":41,"column":53}}]},"5":{"line":45,"type":"if","locations":[{"start":{"line":45,"column":8},"end":{"line":45,"column":8}},{"start":{"line":45,"column":8},"end":{"line":45,"column":8}}]}},"code":["/* istanbul instrument in package npmtest_phaser_tiled */","/*jslint","    bitwise: true,","    browser: true,","    maxerr: 8,","    maxlen: 96,","    node: true,","    nomen: true,","    regexp: true,","    stupid: true","*/","(function () {","    'use strict';","    var local;","","","","    // run shared js-env code - init-before","    (function () {","        // init local","        local = {};","        // init modeJs","        local.modeJs = (function () {","            try {","                return typeof navigator.userAgent === 'string' &&","                    typeof document.querySelector('body') === 'object' &&","                    typeof XMLHttpRequest.prototype.open === 'function' &&","                    'browser';","            } catch (errorCaughtBrowser) {","                return module.exports &&","                    typeof process.versions.node === 'string' &&","                    typeof require('http').createServer === 'function' &&","                    'node';","            }","        }());","        // init global","        local.global = local.modeJs === 'browser'","            ? window","            : global;","        // init utility2_rollup","        local = local.global.utility2_rollup || local;","        // init lib","        local.local = local.npmtest_phaser_tiled = local;","        // init exports","        if (local.modeJs === 'browser') {","            local.global.utility2_npmtest_phaser_tiled = local;","        } else {","            module.exports = local;","            module.exports.__dirname = __dirname;","            module.exports.module = module;","        }","    }());","}());",""],"l":{"12":2,"14":2,"19":2,"21":2,"23":2,"24":2,"25":2,"30":1,"37":2,"41":2,"43":2,"45":2,"46":1,"48":1,"49":1,"50":1}},"/home/travis/build/npmtest/node-npmtest-phaser-tiled/example.js":{"path":"/home/travis/build/npmtest/node-npmtest-phaser-tiled/example.js","s":{"1":2,"2":2,"3":2,"4":2,"5":2,"6":2,"7":2,"8":1,"9":2,"10":2,"11":2,"12":2,"13":1,"14":2,"15":2,"16":2,"17":2,"18":2,"19":0,"20":2,"21":1,"22":1,"23":1,"24":1,"25":1,"26":0,"27":0,"28":1,"29":1,"30":2,"31":0,"32":0,"33":0,"34":1,"35":2,"36":2,"37":3,"38":3,"39":3,"40":3,"41":0,"42":3,"43":3,"44":3,"45":1,"46":3,"47":1,"48":1,"49":1,"50":1,"51":1,"52":1,"53":1,"54":1,"55":1,"56":1,"57":0,"58":1,"59":6,"60":6,"61":1,"62":2,"63":0,"64":2,"65":1,"66":1,"67":0,"68":0,"69":0,"70":0,"71":0,"72":0,"73":0,"74":0,"75":0,"76":0,"77":0,"78":0,"79":0,"80":0,"81":0,"82":0,"83":0},"b":{"1":[2,1,1,1],"2":[1,1,1,1],"3":[1,1],"4":[2,2],"5":[1,1],"6":[1,1],"7":[2,0],"8":[2,1,1,1,1,1],"9":[0,2,0],"10":[1,1],"11":[2,1,1],"12":[1,0],"13":[0,2],"14":[2,0,0,0,0,0,0],"15":[0,3],"16":[3,0],"17":[1,1],"18":[0,1],"19":[1,2,0,2],"20":[1,0],"21":[1,1],"22":[0,0],"23":[0,0],"24":[0,0],"25":[0,0],"26":[0,0],"27":[0,0],"28":[0,0]},"f":{"1":2,"2":2,"3":2,"4":2,"5":2,"6":2,"7":3,"8":3,"9":3,"10":1,"11":6,"12":0},"fnMap":{"1":{"name":"(anonymous_1)","line":26,"loc":{"start":{"line":26,"column":1},"end":{"line":26,"column":13}}},"2":{"name":"(anonymous_2)","line":33,"loc":{"start":{"line":33,"column":5},"end":{"line":33,"column":17}}},"3":{"name":"(anonymous_3)","line":37,"loc":{"start":{"line":37,"column":24},"end":{"line":37,"column":36}}},"4":{"name":"(anonymous_4)","line":69,"loc":{"start":{"line":69,"column":31},"end":{"line":69,"column":48}},"skip":true},"5":{"name":"(anonymous_5)","line":78,"loc":{"start":{"line":78,"column":26},"end":{"line":78,"column":45}},"skip":true},"6":{"name":"(anonymous_6)","line":123,"loc":{"start":{"line":123,"column":33},"end":{"line":123,"column":48}},"skip":true},"7":{"name":"(anonymous_7)","line":125,"loc":{"start":{"line":125,"column":27},"end":{"line":125,"column":39}},"skip":true},"8":{"name":"(anonymous_8)","line":133,"loc":{"start":{"line":133,"column":59},"end":{"line":133,"column":74}},"skip":true},"9":{"name":"(anonymous_9)","line":143,"loc":{"start":{"line":143,"column":45},"end":{"line":143,"column":62}},"skip":true},"10":{"name":"(anonymous_10)","line":144,"loc":{"start":{"line":144,"column":73},"end":{"line":144,"column":92}},"skip":true},"11":{"name":"(anonymous_11)","line":272,"loc":{"start":{"line":272,"column":51},"end":{"line":272,"column":77}},"skip":true},"12":{"name":"(anonymous_12)","line":315,"loc":{"start":{"line":315,"column":32},"end":{"line":315,"column":61}},"skip":true}},"statementMap":{"1":{"start":{"line":26,"column":0},"end":{"line":326,"column":5}},"2":{"start":{"line":28,"column":4},"end":{"line":28,"column":14}},"3":{"start":{"line":33,"column":4},"end":{"line":60,"column":9}},"4":{"start":{"line":35,"column":8},"end":{"line":35,"column":19}},"5":{"start":{"line":37,"column":8},"end":{"line":49,"column":13}},"6":{"start":{"line":38,"column":12},"end":{"line":48,"column":13}},"7":{"start":{"line":39,"column":16},"end":{"line":42,"column":30}},"8":{"start":{"line":44,"column":16},"end":{"line":47,"column":27}},"9":{"start":{"line":51,"column":8},"end":{"line":53,"column":21}},"10":{"start":{"line":55,"column":8},"end":{"line":57,"column":45}},"11":{"start":{"line":59,"column":8},"end":{"line":59,"column":35}},"12":{"start":{"line":61,"column":4},"end":{"line":325,"column":5}},"13":{"start":{"line":69,"column":8},"end":{"line":121,"column":10},"skip":true},"14":{"start":{"line":70,"column":12},"end":{"line":88,"column":13},"skip":true},"15":{"start":{"line":76,"column":16},"end":{"line":87,"column":19},"skip":true},"16":{"start":{"line":79,"column":20},"end":{"line":86,"column":21},"skip":true},"17":{"start":{"line":82,"column":24},"end":{"line":82,"column":43},"skip":true},"18":{"start":{"line":83,"column":24},"end":{"line":83,"column":30},"skip":true},"19":{"start":{"line":85,"column":24},"end":{"line":85,"column":49},"skip":true},"20":{"start":{"line":89,"column":12},"end":{"line":107,"column":13},"skip":true},"21":{"start":{"line":92,"column":16},"end":{"line":102,"column":17},"skip":true},"22":{"start":{"line":93,"column":20},"end":{"line":93,"column":86},"skip":true},"23":{"start":{"line":94,"column":20},"end":{"line":95,"column":45},"skip":true},"24":{"start":{"line":96,"column":20},"end":{"line":96,"column":42},"skip":true},"25":{"start":{"line":97,"column":20},"end":{"line":97,"column":48},"skip":true},"26":{"start":{"line":100,"column":20},"end":{"line":100,"column":85},"skip":true},"27":{"start":{"line":101,"column":20},"end":{"line":101,"column":96},"skip":true},"28":{"start":{"line":103,"column":16},"end":{"line":103,"column":22},"skip":true},"29":{"start":{"line":106,"column":16},"end":{"line":106,"column":22},"skip":true},"30":{"start":{"line":108,"column":12},"end":{"line":120,"column":13},"skip":true},"31":{"start":{"line":114,"column":16},"end":{"line":119,"column":17},"skip":true},"32":{"start":{"line":116,"column":20},"end":{"line":116,"column":78},"skip":true},"33":{"start":{"line":118,"column":20},"end":{"line":118,"column":47},"skip":true},"34":{"start":{"line":123,"column":8},"end":{"line":141,"column":11},"skip":true},"35":{"start":{"line":124,"column":12},"end":{"line":124,"column":54},"skip":true},"36":{"start":{"line":125,"column":12},"end":{"line":140,"column":14},"skip":true},"37":{"start":{"line":126,"column":16},"end":{"line":126,"column":28},"skip":true},"38":{"start":{"line":127,"column":16},"end":{"line":127,"column":69},"skip":true},"39":{"start":{"line":128,"column":16},"end":{"line":128,"column":75},"skip":true},"40":{"start":{"line":129,"column":16},"end":{"line":131,"column":17},"skip":true},"41":{"start":{"line":130,"column":20},"end":{"line":130,"column":27},"skip":true},"42":{"start":{"line":133,"column":16},"end":{"line":137,"column":36},"skip":true},"43":{"start":{"line":134,"column":20},"end":{"line":136,"column":55},"skip":true},"44":{"start":{"line":139,"column":16},"end":{"line":139,"column":57},"skip":true},"45":{"start":{"line":143,"column":8},"end":{"line":147,"column":11},"skip":true},"46":{"start":{"line":144,"column":12},"end":{"line":146,"column":15},"skip":true},"47":{"start":{"line":145,"column":16},"end":{"line":145,"column":70},"skip":true},"48":{"start":{"line":149,"column":8},"end":{"line":149,"column":31},"skip":true},"49":{"start":{"line":150,"column":8},"end":{"line":150,"column":14},"skip":true},"50":{"start":{"line":158,"column":8},"end":{"line":158,"column":31},"skip":true},"51":{"start":{"line":160,"column":8},"end":{"line":160,"column":33},"skip":true},"52":{"start":{"line":161,"column":8},"end":{"line":161,"column":37},"skip":true},"53":{"start":{"line":162,"column":8},"end":{"line":162,"column":35},"skip":true},"54":{"start":{"line":164,"column":8},"end":{"line":164,"column":50},"skip":true},"55":{"start":{"line":166,"column":8},"end":{"line":256,"column":2},"skip":true},"56":{"start":{"line":258,"column":8},"end":{"line":286,"column":9},"skip":true},"57":{"start":{"line":259,"column":12},"end":{"line":269,"column":14},"skip":true},"58":{"start":{"line":271,"column":12},"end":{"line":285,"column":19},"skip":true},"59":{"start":{"line":274,"column":20},"end":{"line":274,"column":35},"skip":true},"60":{"start":{"line":275,"column":20},"end":{"line":284,"column":21},"skip":true},"61":{"start":{"line":277,"column":24},"end":{"line":277,"column":64},"skip":true},"62":{"start":{"line":279,"column":24},"end":{"line":279,"column":40},"skip":true},"63":{"start":{"line":281,"column":24},"end":{"line":281,"column":40},"skip":true},"64":{"start":{"line":283,"column":24},"end":{"line":283,"column":39},"skip":true},"65":{"start":{"line":288,"column":8},"end":{"line":290,"column":9},"skip":true},"66":{"start":{"line":289,"column":12},"end":{"line":289,"column":18},"skip":true},"67":{"start":{"line":291,"column":8},"end":{"line":293,"column":54},"skip":true},"68":{"start":{"line":296,"column":8},"end":{"line":301,"column":37},"skip":true},"69":{"start":{"line":303,"column":8},"end":{"line":303,"column":82},"skip":true},"70":{"start":{"line":306,"column":8},"end":{"line":308,"column":9},"skip":true},"71":{"start":{"line":307,"column":12},"end":{"line":307,"column":82},"skip":true},"72":{"start":{"line":310,"column":8},"end":{"line":312,"column":9},"skip":true},"73":{"start":{"line":311,"column":12},"end":{"line":311,"column":18},"skip":true},"74":{"start":{"line":313,"column":8},"end":{"line":313,"column":54},"skip":true},"75":{"start":{"line":314,"column":8},"end":{"line":314,"column":69},"skip":true},"76":{"start":{"line":315,"column":8},"end":{"line":323,"column":36},"skip":true},"77":{"start":{"line":316,"column":12},"end":{"line":316,"column":61},"skip":true},"78":{"start":{"line":317,"column":12},"end":{"line":320,"column":13},"skip":true},"79":{"start":{"line":318,"column":16},"end":{"line":318,"column":75},"skip":true},"80":{"start":{"line":319,"column":16},"end":{"line":319,"column":23},"skip":true},"81":{"start":{"line":321,"column":12},"end":{"line":321,"column":38},"skip":true},"82":{"start":{"line":322,"column":12},"end":{"line":322,"column":27},"skip":true},"83":{"start":{"line":324,"column":8},"end":{"line":324,"column":14},"skip":true}},"branchMap":{"1":{"line":39,"type":"binary-expr","locations":[{"start":{"line":39,"column":23},"end":{"line":39,"column":62}},{"start":{"line":40,"column":20},"end":{"line":40,"column":70}},{"start":{"line":41,"column":20},"end":{"line":41,"column":71}},{"start":{"line":42,"column":20},"end":{"line":42,"column":29}}]},"2":{"line":44,"type":"binary-expr","locations":[{"start":{"line":44,"column":23},"end":{"line":44,"column":37}},{"start":{"line":45,"column":20},"end":{"line":45,"column":61}},{"start":{"line":46,"column":20},"end":{"line":46,"column":70}},{"start":{"line":47,"column":20},"end":{"line":47,"column":26}}]},"3":{"line":51,"type":"cond-expr","locations":[{"start":{"line":52,"column":14},"end":{"line":52,"column":20}},{"start":{"line":53,"column":14},"end":{"line":53,"column":20}}]},"4":{"line":55,"type":"binary-expr","locations":[{"start":{"line":55,"column":16},"end":{"line":55,"column":44}},{"start":{"line":55,"column":49},"end":{"line":57,"column":43}}]},"5":{"line":55,"type":"cond-expr","locations":[{"start":{"line":56,"column":14},"end":{"line":56,"column":56}},{"start":{"line":57,"column":14},"end":{"line":57,"column":43}}]},"6":{"line":61,"type":"switch","locations":[{"start":{"line":68,"column":4},"end":{"line":150,"column":14},"skip":true},{"start":{"line":156,"column":4},"end":{"line":324,"column":14},"skip":true}]},"7":{"line":70,"type":"if","locations":[{"start":{"line":70,"column":12},"end":{"line":70,"column":12},"skip":true},{"start":{"line":70,"column":12},"end":{"line":70,"column":12},"skip":true}]},"8":{"line":70,"type":"binary-expr","locations":[{"start":{"line":70,"column":16},"end":{"line":70,"column":22},"skip":true},{"start":{"line":70,"column":27},"end":{"line":70,"column":32},"skip":true},{"start":{"line":71,"column":20},"end":{"line":71,"column":39},"skip":true},{"start":{"line":72,"column":20},"end":{"line":72,"column":49},"skip":true},{"start":{"line":73,"column":20},"end":{"line":73,"column":58},"skip":true},{"start":{"line":74,"column":20},"end":{"line":74,"column":69},"skip":true}]},"9":{"line":79,"type":"switch","locations":[{"start":{"line":80,"column":20},"end":{"line":80,"column":33},"skip":true},{"start":{"line":81,"column":20},"end":{"line":83,"column":30},"skip":true},{"start":{"line":84,"column":20},"end":{"line":85,"column":49},"skip":true}]},"10":{"line":89,"type":"switch","locations":[{"start":{"line":90,"column":12},"end":{"line":103,"column":22},"skip":true},{"start":{"line":105,"column":12},"end":{"line":106,"column":22},"skip":true}]},"11":{"line":89,"type":"binary-expr","locations":[{"start":{"line":89,"column":20},"end":{"line":89,"column":25},"skip":true},{"start":{"line":89,"column":29},"end":{"line":89,"column":48},"skip":true},{"start":{"line":89,"column":52},"end":{"line":89,"column":74},"skip":true}]},"12":{"line":92,"type":"if","locations":[{"start":{"line":92,"column":16},"end":{"line":92,"column":16},"skip":true},{"start":{"line":92,"column":16},"end":{"line":92,"column":16},"skip":true}]},"13":{"line":108,"type":"if","locations":[{"start":{"line":108,"column":12},"end":{"line":108,"column":12},"skip":true},{"start":{"line":108,"column":12},"end":{"line":108,"column":12},"skip":true}]},"14":{"line":108,"type":"binary-expr","locations":[{"start":{"line":108,"column":16},"end":{"line":108,"column":61},"skip":true},{"start":{"line":108,"column":66},"end":{"line":108,"column":72},"skip":true},{"start":{"line":108,"column":77},"end":{"line":108,"column":82},"skip":true},{"start":{"line":109,"column":20},"end":{"line":109,"column":39},"skip":true},{"start":{"line":110,"column":20},"end":{"line":110,"column":49},"skip":true},{"start":{"line":111,"column":20},"end":{"line":111,"column":58},"skip":true},{"start":{"line":112,"column":20},"end":{"line":112,"column":68},"skip":true}]},"15":{"line":129,"type":"if","locations":[{"start":{"line":129,"column":16},"end":{"line":129,"column":16},"skip":true},{"start":{"line":129,"column":16},"end":{"line":129,"column":16},"skip":true}]},"16":{"line":134,"type":"cond-expr","locations":[{"start":{"line":135,"column":26},"end":{"line":135,"column":29},"skip":true},{"start":{"line":136,"column":26},"end":{"line":136,"column":54},"skip":true}]},"17":{"line":164,"type":"binary-expr","locations":[{"start":{"line":164,"column":27},"end":{"line":164,"column":43},"skip":true},{"start":{"line":164,"column":47},"end":{"line":164,"column":49},"skip":true}]},"18":{"line":258,"type":"if","locations":[{"start":{"line":258,"column":8},"end":{"line":258,"column":8},"skip":true},{"start":{"line":258,"column":8},"end":{"line":258,"column":8},"skip":true}]},"19":{"line":275,"type":"switch","locations":[{"start":{"line":276,"column":20},"end":{"line":277,"column":64},"skip":true},{"start":{"line":278,"column":20},"end":{"line":279,"column":40},"skip":true},{"start":{"line":280,"column":20},"end":{"line":281,"column":40},"skip":true},{"start":{"line":282,"column":20},"end":{"line":283,"column":39},"skip":true}]},"20":{"line":288,"type":"if","locations":[{"start":{"line":288,"column":8},"end":{"line":288,"column":8},"skip":true},{"start":{"line":288,"column":8},"end":{"line":288,"column":8},"skip":true}]},"21":{"line":288,"type":"binary-expr","locations":[{"start":{"line":288,"column":12},"end":{"line":288,"column":40},"skip":true},{"start":{"line":288,"column":44},"end":{"line":288,"column":67},"skip":true}]},"22":{"line":292,"type":"binary-expr","locations":[{"start":{"line":292,"column":12},"end":{"line":292,"column":50},"skip":true},{"start":{"line":293,"column":12},"end":{"line":293,"column":53},"skip":true}]},"23":{"line":297,"type":"binary-expr","locations":[{"start":{"line":297,"column":12},"end":{"line":297,"column":70},"skip":true},{"start":{"line":298,"column":12},"end":{"line":301,"column":36},"skip":true}]},"24":{"line":303,"type":"binary-expr","locations":[{"start":{"line":303,"column":43},"end":{"line":303,"column":75},"skip":true},{"start":{"line":303,"column":79},"end":{"line":303,"column":81},"skip":true}]},"25":{"line":306,"type":"if","locations":[{"start":{"line":306,"column":8},"end":{"line":306,"column":8},"skip":true},{"start":{"line":306,"column":8},"end":{"line":306,"column":8},"skip":true}]},"26":{"line":310,"type":"if","locations":[{"start":{"line":310,"column":8},"end":{"line":310,"column":8},"skip":true},{"start":{"line":310,"column":8},"end":{"line":310,"column":8},"skip":true}]},"27":{"line":313,"type":"binary-expr","locations":[{"start":{"line":313,"column":27},"end":{"line":313,"column":43},"skip":true},{"start":{"line":313,"column":47},"end":{"line":313,"column":53},"skip":true}]},"28":{"line":317,"type":"if","locations":[{"start":{"line":317,"column":12},"end":{"line":317,"column":12},"skip":true},{"start":{"line":317,"column":12},"end":{"line":317,"column":12},"skip":true}]}},"code":["/*","example.js","","quickstart example","","instruction","    1. save this script as example.js","    2. run the shell command:","        $ npm install npmtest-phaser-tiled && PORT=8081 node example.js","    3. play with the browser-demo on http://127.0.0.1:8081","*/","","","","/* istanbul instrument in package npmtest_phaser_tiled */","/*jslint","    bitwise: true,","    browser: true,","    maxerr: 8,","    maxlen: 96,","    node: true,","    nomen: true,","    regexp: true,","    stupid: true","*/","(function () {","    'use strict';","    var local;","","","","    // run shared js-env code - init-before","    (function () {","        // init local","        local = {};","        // init modeJs","        local.modeJs = (function () {","            try {","                return typeof navigator.userAgent === 'string' &&","                    typeof document.querySelector('body') === 'object' &&","                    typeof XMLHttpRequest.prototype.open === 'function' &&","                    'browser';","            } catch (errorCaughtBrowser) {","                return module.exports &&","                    typeof process.versions.node === 'string' &&","                    typeof require('http').createServer === 'function' &&","                    'node';","            }","        }());","        // init global","        local.global = local.modeJs === 'browser'","            ? window","            : global;","        // init utility2_rollup","        local = local.global.utility2_rollup || (local.modeJs === 'browser'","            ? local.global.utility2_npmtest_phaser_tiled","            : global.utility2_moduleExports);","        // export local","        local.global.local = local;","    }());","    switch (local.modeJs) {","","","","    // init-after","    // run browser js-env code - init-after","    /* istanbul ignore next */","    case 'browser':","        local.testRunBrowser = function (event) {","            if (!event || (event &&","                    event.currentTarget &&","                    event.currentTarget.className &&","                    event.currentTarget.className.includes &&","                    event.currentTarget.className.includes('onreset'))) {","                // reset output","                Array.from(","                    document.querySelectorAll('body > .resettable')","                ).forEach(function (element) {","                    switch (element.tagName) {","                    case 'INPUT':","                    case 'TEXTAREA':","                        element.value = '';","                        break;","                    default:","                        element.textContent = '';","                    }","                });","            }","            switch (event && event.currentTarget && event.currentTarget.id) {","            case 'testRunButton1':","                // show tests","                if (document.querySelector('#testReportDiv1').style.display === 'none') {","                    document.querySelector('#testReportDiv1').style.display = 'block';","                    document.querySelector('#testRunButton1').textContent =","                        'hide internal test';","                    local.modeTest = true;","                    local.testRunDefault(local);","                // hide tests","                } else {","                    document.querySelector('#testReportDiv1').style.display = 'none';","                    document.querySelector('#testRunButton1').textContent = 'run internal test';","                }","                break;","            // custom-case","            default:","                break;","            }","            if (document.querySelector('#inputTextareaEval1') && (!event || (event &&","                    event.currentTarget &&","                    event.currentTarget.className &&","                    event.currentTarget.className.includes &&","                    event.currentTarget.className.includes('oneval')))) {","                // try to eval input-code","                try {","                    /*jslint evil: true*/","                    eval(document.querySelector('#inputTextareaEval1').value);","                } catch (errorCaught) {","                    console.error(errorCaught);","                }","            }","        };","        // log stderr and stdout to #outputTextareaStdout1","        ['error', 'log'].forEach(function (key) {","            console[key + '_original'] = console[key];","            console[key] = function () {","                var element;","                console[key + '_original'].apply(console, arguments);","                element = document.querySelector('#outputTextareaStdout1');","                if (!element) {","                    return;","                }","                // append text to #outputTextareaStdout1","                element.value += Array.from(arguments).map(function (arg) {","                    return typeof arg === 'string'","                        ? arg","                        : JSON.stringify(arg, null, 4);","                }).join(' ') + '\\n';","                // scroll textarea to bottom","                element.scrollTop = element.scrollHeight;","            };","        });","        // init event-handling","        ['change', 'click', 'keyup'].forEach(function (event) {","            Array.from(document.querySelectorAll('.on' + event)).forEach(function (element) {","                element.addEventListener(event, local.testRunBrowser);","            });","        });","        // run tests","        local.testRunBrowser();","        break;","","","","    // run node js-env code - init-after","    /* istanbul ignore next */","    case 'node':","        // export local","        module.exports = local;","        // require modules","        local.fs = require('fs');","        local.http = require('http');","        local.url = require('url');","        // init assets","        local.assetsDict = local.assetsDict || {};","        /* jslint-ignore-begin */","        local.assetsDict['/assets.index.template.html'] = '\\","<!doctype html>\\n\\","<html lang=\"en\">\\n\\","<head>\\n\\","<meta charset=\"UTF-8\">\\n\\","<meta name=\"viewport\" content=\"width=device-width, initial-scale=1\">\\n\\","<title>{{env.npm_package_name}} (v{{env.npm_package_version}})</title>\\n\\","<style>\\n\\","/*csslint\\n\\","    box-sizing: false,\\n\\","    universal-selector: false\\n\\","*/\\n\\","* {\\n\\","    box-sizing: border-box;\\n\\","}\\n\\","body {\\n\\","    background: #dde;\\n\\","    font-family: Arial, Helvetica, sans-serif;\\n\\","    margin: 2rem;\\n\\","}\\n\\","body > * {\\n\\","    margin-bottom: 1rem;\\n\\","}\\n\\",".utility2FooterDiv {\\n\\","    margin-top: 20px;\\n\\","    text-align: center;\\n\\","}\\n\\","</style>\\n\\","<style>\\n\\","/*csslint\\n\\","*/\\n\\","textarea {\\n\\","    font-family: monospace;\\n\\","    height: 10rem;\\n\\","    width: 100%;\\n\\","}\\n\\","textarea[readonly] {\\n\\","    background: #ddd;\\n\\","}\\n\\","</style>\\n\\","</head>\\n\\","<body>\\n\\","<!-- utility2-comment\\n\\","<div id=\"ajaxProgressDiv1\" style=\"background: #d00; height: 2px; left: 0; margin: 0; padding: 0; position: fixed; top: 0; transition: background 0.5s, width 1.5s; width: 25%;\"></div>\\n\\","utility2-comment -->\\n\\","<h1>\\n\\","<!-- utility2-comment\\n\\","    <a\\n\\","        {{#if env.npm_package_homepage}}\\n\\","        href=\"{{env.npm_package_homepage}}\"\\n\\","        {{/if env.npm_package_homepage}}\\n\\","        target=\"_blank\"\\n\\","    >\\n\\","utility2-comment -->\\n\\","        {{env.npm_package_name}} (v{{env.npm_package_version}})\\n\\","<!-- utility2-comment\\n\\","    </a>\\n\\","utility2-comment -->\\n\\","</h1>\\n\\","<h3>{{env.npm_package_description}}</h3>\\n\\","<!-- utility2-comment\\n\\","<h4><a download href=\"assets.app.js\">download standalone app</a></h4>\\n\\","<button class=\"onclick onreset\" id=\"testRunButton1\">run internal test</button><br>\\n\\","<div id=\"testReportDiv1\" style=\"display: none;\"></div>\\n\\","utility2-comment -->\\n\\","\\n\\","\\n\\","\\n\\","<label>stderr and stdout</label>\\n\\","<textarea class=\"resettable\" id=\"outputTextareaStdout1\" readonly></textarea>\\n\\","<!-- utility2-comment\\n\\","{{#if isRollup}}\\n\\","<script src=\"assets.app.js\"></script>\\n\\","{{#unless isRollup}}\\n\\","utility2-comment -->\\n\\","<script src=\"assets.utility2.rollup.js\"></script>\\n\\","<script src=\"jsonp.utility2._stateInit?callback=window.utility2._stateInit\"></script>\\n\\","<script src=\"assets.npmtest_phaser_tiled.rollup.js\"></script>\\n\\","<script src=\"assets.example.js\"></script>\\n\\","<script src=\"assets.test.js\"></script>\\n\\","<!-- utility2-comment\\n\\","{{/if isRollup}}\\n\\","utility2-comment -->\\n\\","<div class=\"utility2FooterDiv\">\\n\\","    [ this app was created with\\n\\","    <a href=\"https://github.com/kaizhu256/node-utility2\" target=\"_blank\">utility2</a>\\n\\","    ]\\n\\","</div>\\n\\","</body>\\n\\","</html>\\n\\","';","        /* jslint-ignore-end */","        if (local.templateRender) {","            local.assetsDict['/'] = local.templateRender(","                local.assetsDict['/assets.index.template.html'],","                {","                    env: local.objectSetDefault(local.env, {","                        npm_package_description: 'the greatest app in the world!',","                        npm_package_name: 'my-app',","                        npm_package_nameAlias: 'my_app',","                        npm_package_version: '0.0.1'","                    })","                }","            );","        } else {","            local.assetsDict['/'] = local.assetsDict['/assets.index.template.html']","                .replace((/\\{\\{env\\.(\\w+?)\\}\\}/g), function (match0, match1) {","                    // jslint-hack","                    String(match0);","                    switch (match1) {","                    case 'npm_package_description':","                        return 'the greatest app in the world!';","                    case 'npm_package_name':","                        return 'my-app';","                    case 'npm_package_nameAlias':","                        return 'my_app';","                    case 'npm_package_version':","                        return '0.0.1';","                    }","                });","        }","        // run the cli","        if (local.global.utility2_rollup || module !== require.main) {","            break;","        }","        local.assetsDict['/assets.example.js'] =","            local.assetsDict['/assets.example.js'] ||","            local.fs.readFileSync(__filename, 'utf8');","        // bug-workaround - long $npm_package_buildCustomOrg","        /* jslint-ignore-begin */","        local.assetsDict['/assets.npmtest_phaser_tiled.rollup.js'] =","            local.assetsDict['/assets.npmtest_phaser_tiled.rollup.js'] ||","            local.fs.readFileSync(","                local.npmtest_phaser_tiled.__dirname + '/lib.npmtest_phaser_tiled.js',","                'utf8'","            ).replace((/^#!/), '//');","        /* jslint-ignore-end */","        local.assetsDict['/favicon.ico'] = local.assetsDict['/favicon.ico'] || '';","        // if $npm_config_timeout_exit exists,","        // then exit this process after $npm_config_timeout_exit ms","        if (Number(process.env.npm_config_timeout_exit)) {","            setTimeout(process.exit, Number(process.env.npm_config_timeout_exit));","        }","        // start server","        if (local.global.utility2_serverHttp1) {","            break;","        }","        process.env.PORT = process.env.PORT || '8081';","        console.error('server starting on port ' + process.env.PORT);","        local.http.createServer(function (request, response) {","            request.urlParsed = local.url.parse(request.url);","            if (local.assetsDict[request.urlParsed.pathname] !== undefined) {","                response.end(local.assetsDict[request.urlParsed.pathname]);","                return;","            }","            response.statusCode = 404;","            response.end();","        }).listen(process.env.PORT);","        break;","    }","}());",""],"l":{"26":2,"28":2,"33":2,"35":2,"37":2,"38":2,"39":2,"44":1,"51":2,"55":2,"59":2,"61":2,"69":1,"70":2,"76":2,"79":2,"82":2,"83":2,"85":1,"89":2,"92":1,"93":1,"94":1,"96":1,"97":1,"100":1,"101":1,"103":1,"106":1,"108":2,"114":1,"116":1,"118":1,"123":1,"124":2,"125":2,"126":3,"127":3,"128":3,"129":3,"130":1,"133":3,"134":3,"139":3,"143":1,"144":3,"145":1,"149":1,"150":1,"158":1,"160":1,"161":1,"162":1,"164":1,"166":1,"258":1,"259":1,"271":1,"274":6,"275":6,"277":1,"279":2,"281":1,"283":2,"288":1,"289":1,"291":1,"296":1,"303":1,"306":1,"307":1,"310":1,"311":1,"313":1,"314":1,"315":1,"316":1,"317":1,"318":1,"319":1,"321":1,"322":1,"324":1}},"/home/travis/build/npmtest/node-npmtest-phaser-tiled/node_modules/phaser-tiled/src/index.js":{"path":"/home/travis/build/npmtest/node-npmtest-phaser-tiled/node_modules/phaser-tiled/src/index.js","s":{"1":1},"b":{},"f":{},"fnMap":{},"statementMap":{"1":{"start":{"line":1,"column":0},"end":{"line":3,"column":2}}},"branchMap":{},"code":["module.exports = {","    utils: require('./utils')","};",""],"l":{"1":1}},"/home/travis/build/npmtest/node-npmtest-phaser-tiled/node_modules/phaser-tiled/src/utils.js":{"path":"/home/travis/build/npmtest/node-npmtest-phaser-tiled/node_modules/phaser-tiled/src/utils.js","s":{"1":1,"2":1,"3":1,"4":1,"5":1,"6":0,"7":0,"8":0,"9":0,"10":0,"11":0,"12":0,"13":1,"14":0,"15":0,"16":0,"17":0,"18":0,"19":1,"20":0,"21":1,"22":0,"23":0,"24":0,"25":0,"26":0,"27":0,"28":0,"29":1,"30":0,"31":0,"32":0,"33":0,"34":0,"35":0,"36":0,"37":0,"38":0,"39":1,"40":0,"41":0,"42":0,"43":0,"44":0,"45":0,"46":0,"47":0,"48":0,"49":0,"50":0,"51":0,"52":0,"53":0,"54":0,"55":0,"56":0,"57":0,"58":0,"59":0,"60":0,"61":0},"b":{"1":[1,0,1],"2":[0,0],"3":[0,0],"4":[0,0],"5":[0,0],"6":[0,0],"7":[0,0],"8":[0,0],"9":[0,0],"10":[0,0],"11":[0,0],"12":[0,0],"13":[0,0],"14":[0,0],"15":[0,0],"16":[0,0],"17":[0,0],"18":[0,0],"19":[0,0]},"f":{"1":0,"2":0,"3":0,"4":0,"5":0,"6":0},"fnMap":{"1":{"name":"(anonymous_1)","line":8,"loc":{"start":{"line":8,"column":23},"end":{"line":8,"column":55}}},"2":{"name":"(anonymous_2)","line":20,"loc":{"start":{"line":20,"column":23},"end":{"line":20,"column":38}}},"3":{"name":"(anonymous_3)","line":31,"loc":{"start":{"line":31,"column":17},"end":{"line":31,"column":44}}},"4":{"name":"(anonymous_4)","line":35,"loc":{"start":{"line":35,"column":29},"end":{"line":35,"column":67}}},"5":{"name":"(anonymous_5)","line":61,"loc":{"start":{"line":61,"column":21},"end":{"line":61,"column":35}}},"6":{"name":"(anonymous_6)","line":97,"loc":{"start":{"line":97,"column":29},"end":{"line":97,"column":44}}}},"statementMap":{"1":{"start":{"line":1,"column":0},"end":{"line":1,"column":32}},"2":{"start":{"line":2,"column":0},"end":{"line":2,"column":39}},"3":{"start":{"line":4,"column":0},"end":{"line":4,"column":89}},"4":{"start":{"line":6,"column":0},"end":{"line":6,"column":32}},"5":{"start":{"line":8,"column":0},"end":{"line":18,"column":2}},"6":{"start":{"line":9,"column":4},"end":{"line":11,"column":5}},"7":{"start":{"line":10,"column":8},"end":{"line":10,"column":26}},"8":{"start":{"line":13,"column":4},"end":{"line":13,"column":31}},"9":{"start":{"line":14,"column":4},"end":{"line":14,"column":25}},"10":{"start":{"line":15,"column":4},"end":{"line":15,"column":24}},"11":{"start":{"line":16,"column":4},"end":{"line":16,"column":24}},"12":{"start":{"line":17,"column":4},"end":{"line":17,"column":24}},"13":{"start":{"line":20,"column":0},"end":{"line":29,"column":2}},"14":{"start":{"line":21,"column":4},"end":{"line":21,"column":25}},"15":{"start":{"line":22,"column":4},"end":{"line":22,"column":30}},"16":{"start":{"line":24,"column":4},"end":{"line":26,"column":5}},"17":{"start":{"line":25,"column":8},"end":{"line":25,"column":35}},"18":{"start":{"line":28,"column":4},"end":{"line":28,"column":15}},"19":{"start":{"line":31,"column":0},"end":{"line":33,"column":2}},"20":{"start":{"line":32,"column":4},"end":{"line":32,"column":55}},"21":{"start":{"line":35,"column":0},"end":{"line":49,"column":2}},"22":{"start":{"line":37,"column":4},"end":{"line":37,"column":29}},"23":{"start":{"line":38,"column":4},"end":{"line":38,"column":40}},"24":{"start":{"line":41,"column":4},"end":{"line":46,"column":5}},"25":{"start":{"line":42,"column":8},"end":{"line":42,"column":36}},"26":{"start":{"line":44,"column":9},"end":{"line":46,"column":5}},"27":{"start":{"line":45,"column":8},"end":{"line":45,"column":37}},"28":{"start":{"line":48,"column":4},"end":{"line":48,"column":15}},"29":{"start":{"line":61,"column":0},"end":{"line":86,"column":2}},"30":{"start":{"line":62,"column":4},"end":{"line":62,"column":14}},"31":{"start":{"line":65,"column":4},"end":{"line":70,"column":5}},"32":{"start":{"line":66,"column":8},"end":{"line":69,"column":10}},"33":{"start":{"line":73,"column":4},"end":{"line":83,"column":5}},"34":{"start":{"line":74,"column":8},"end":{"line":74,"column":55}},"35":{"start":{"line":77,"column":9},"end":{"line":83,"column":5}},"36":{"start":{"line":78,"column":8},"end":{"line":78,"column":65}},"37":{"start":{"line":82,"column":8},"end":{"line":82,"column":39}},"38":{"start":{"line":85,"column":4},"end":{"line":85,"column":17}},"39":{"start":{"line":97,"column":0},"end":{"line":143,"column":2}},"40":{"start":{"line":98,"column":4},"end":{"line":98,"column":20}},"41":{"start":{"line":100,"column":4},"end":{"line":102,"column":5}},"42":{"start":{"line":101,"column":8},"end":{"line":101,"column":19}},"43":{"start":{"line":104,"column":4},"end":{"line":129,"column":5}},"44":{"start":{"line":105,"column":8},"end":{"line":105,"column":23}},"45":{"start":{"line":106,"column":8},"end":{"line":106,"column":34}},"46":{"start":{"line":109,"column":8},"end":{"line":128,"column":9}},"47":{"start":{"line":110,"column":12},"end":{"line":110,"column":23}},"48":{"start":{"line":113,"column":13},"end":{"line":128,"column":9}},"49":{"start":{"line":114,"column":12},"end":{"line":114,"column":26}},"50":{"start":{"line":117,"column":13},"end":{"line":128,"column":9}},"51":{"start":{"line":118,"column":12},"end":{"line":118,"column":27}},"52":{"start":{"line":122,"column":12},"end":{"line":127,"column":13}},"53":{"start":{"line":123,"column":16},"end":{"line":123,"column":34}},"54":{"start":{"line":124,"column":16},"end":{"line":124,"column":27}},"55":{"start":{"line":131,"column":4},"end":{"line":133,"column":5}},"56":{"start":{"line":132,"column":8},"end":{"line":132,"column":54}},"57":{"start":{"line":135,"column":4},"end":{"line":138,"column":5}},"58":{"start":{"line":136,"column":8},"end":{"line":136,"column":28}},"59":{"start":{"line":137,"column":8},"end":{"line":137,"column":31}},"60":{"start":{"line":140,"column":4},"end":{"line":140,"column":29}},"61":{"start":{"line":142,"column":4},"end":{"line":142,"column":15}}},"branchMap":{"1":{"line":4,"type":"binary-expr","locations":[{"start":{"line":4,"column":17},"end":{"line":4,"column":46}},{"start":{"line":4,"column":50},"end":{"line":4,"column":61}},{"start":{"line":4,"column":66},"end":{"line":4,"column":88}}]},"2":{"line":9,"type":"if","locations":[{"start":{"line":9,"column":4},"end":{"line":9,"column":4}},{"start":{"line":9,"column":4},"end":{"line":9,"column":4}}]},"3":{"line":32,"type":"cond-expr","locations":[{"start":{"line":32,"column":38},"end":{"line":32,"column":48}},{"start":{"line":32,"column":51},"end":{"line":32,"column":53}}]},"4":{"line":41,"type":"if","locations":[{"start":{"line":41,"column":4},"end":{"line":41,"column":4}},{"start":{"line":41,"column":4},"end":{"line":41,"column":4}}]},"5":{"line":44,"type":"if","locations":[{"start":{"line":44,"column":9},"end":{"line":44,"column":9}},{"start":{"line":44,"column":9},"end":{"line":44,"column":9}}]},"6":{"line":65,"type":"if","locations":[{"start":{"line":65,"column":4},"end":{"line":65,"column":4}},{"start":{"line":65,"column":4},"end":{"line":65,"column":4}}]},"7":{"line":65,"type":"binary-expr","locations":[{"start":{"line":65,"column":8},"end":{"line":65,"column":27}},{"start":{"line":65,"column":31},"end":{"line":65,"column":46}}]},"8":{"line":73,"type":"if","locations":[{"start":{"line":73,"column":4},"end":{"line":73,"column":4}},{"start":{"line":73,"column":4},"end":{"line":73,"column":4}}]},"9":{"line":77,"type":"if","locations":[{"start":{"line":77,"column":9},"end":{"line":77,"column":9}},{"start":{"line":77,"column":9},"end":{"line":77,"column":9}}]},"10":{"line":98,"type":"binary-expr","locations":[{"start":{"line":98,"column":10},"end":{"line":98,"column":13}},{"start":{"line":98,"column":17},"end":{"line":98,"column":19}}]},"11":{"line":100,"type":"if","locations":[{"start":{"line":100,"column":4},"end":{"line":100,"column":4}},{"start":{"line":100,"column":4},"end":{"line":100,"column":4}}]},"12":{"line":100,"type":"binary-expr","locations":[{"start":{"line":100,"column":8},"end":{"line":100,"column":12}},{"start":{"line":100,"column":16},"end":{"line":100,"column":33}}]},"13":{"line":109,"type":"if","locations":[{"start":{"line":109,"column":8},"end":{"line":109,"column":8}},{"start":{"line":109,"column":8},"end":{"line":109,"column":8}}]},"14":{"line":109,"type":"binary-expr","locations":[{"start":{"line":109,"column":12},"end":{"line":109,"column":19}},{"start":{"line":109,"column":23},"end":{"line":109,"column":24}}]},"15":{"line":113,"type":"if","locations":[{"start":{"line":113,"column":13},"end":{"line":113,"column":13}},{"start":{"line":113,"column":13},"end":{"line":113,"column":13}}]},"16":{"line":117,"type":"if","locations":[{"start":{"line":117,"column":13},"end":{"line":117,"column":13}},{"start":{"line":117,"column":13},"end":{"line":117,"column":13}}]},"17":{"line":131,"type":"if","locations":[{"start":{"line":131,"column":4},"end":{"line":131,"column":4}},{"start":{"line":131,"column":4},"end":{"line":131,"column":4}}]},"18":{"line":135,"type":"if","locations":[{"start":{"line":135,"column":4},"end":{"line":135,"column":4}},{"start":{"line":135,"column":4},"end":{"line":135,"column":4}}]},"19":{"line":135,"type":"binary-expr","locations":[{"start":{"line":135,"column":8},"end":{"line":135,"column":29}},{"start":{"line":135,"column":33},"end":{"line":135,"column":43}}]}},"code":["var zlib    = require('zlibjs');","var Buffer  = require('buffer').Buffer;","","var decodeB64 = (typeof window !== 'undefined' && window.atob) || require('Base64').atob;","","var utils = module.exports = {};","","utils.destroyTexture = function (texture, callDestroy) {","    if (callDestroy !== false) {","        texture.destroy();","    }","","    texture.baseTexture = null;","    texture.frame = null;","    texture.trim = null;","    texture.crop = null;","    texture._uvs = null;","};","","utils.stringToBuffer = function (str) {","    var len = str.length;","    var buf = new Buffer(len);","","    for (var i = 0; i < len; i++) {","        buf[i] = str.charCodeAt(i);","    }","","    return buf;","};","","utils.cacheKey = function (key, type, name) {","    return key + '_' + type + (name ? '_' + name : '');","};","","utils.decompressBase64Data = function (raw, encoding, compression) {","    // TODO: This assumes base64 encoding, need to check encoding param","    var str = decodeB64(raw);","    var buf = utils.stringToBuffer(str);","","    // decompress","    if (compression === 'gzip') {","        return zlib.gunzipSync(buf);","    }","    else if (compression === 'zlib') {","        return zlib.inflateSync(buf);","    }","","    return buf;","};","","/**"," * Parses an array of numbers that represent a hitArea into the actual shape."," *"," * For example: `[1, 1, 15]` is a Circle (`[x, y, radius]`); `[1, 1, 15, 15]` is a Rectangle"," * (`[x, y, width, height]`); and any length >= 5 is a polygon in the form `[x1, y1, x2, y2, ..., xN, yN]`."," *"," * @method parseHitArea"," * @param value {Array<Number>} The array to parse"," * @return {Circle|Rectangle|Polygon} The parsed out shape"," */","utils.parseHitArea = function (hv) {","    var shape;","","    // odd number of values","    if (hv.length % 2 !== 0 && hv.length !== 3) {","        throw new RangeError(","            'Strange number of values for hitArea! Should be a flat array of values, like: ' +","            '[cx,cy,di] for a circle, [x,y,w,h] for a rectangle, or [x,y,x,y,...] for other polygons.'","        );","    }","","    // a circle x,y,r","    if (hv.length === 3) {","        shape = new Phaser.Circle(hv[0], hv[1], hv[2]);","    }","    // a rectangle x,y,w,h","    else if (hv.length === 4) {","        shape = new Phaser.Rectangle(hv[0], hv[1], hv[2], hv[3]);","    }","    // generic polygon","    else {","        shape = new Phaser.Polygon(hv);","    }","","    return shape;","};","","/**"," * Parses an object of string properties into potential javascript types. First it attempts to"," * convert to a number, if that fails it checks for the string 'true' or 'false' and changes it"," * to the actual Boolean value, then it attempts to parse a string as JSON."," *"," * @method parseTiledProperties"," * @param value {Array<Number>} The array to parse"," * @return {Circle|Rectangle|Polygon} The parsed out shape"," */","utils.parseTiledProperties = function (obj) {","    obj = obj || {};","","    if (!obj || obj.__tiledparsed) {","        return obj;","    }","","    for (var k in obj) {","        var v = obj[k];","        var n = parseFloat(v, 10);","","        // try to massage numbers","        if (n === 0 || n) {","            obj[k] = n;","        }","        // true values","        else if (v === 'true') {","            obj[k] = true;","        }","        // false values","        else if (v === 'false') {","            obj[k] = false;","        }","        // anything else is either a string or json","        else {","            try {","                v = JSON.parse(v);","                obj[k] = v;","            } catch (e) {","                // ignore error","            }","        }","    }","","    if (obj.hitArea) {","        obj.hitArea = utils.parseHitArea(obj.hitArea);","    }","","    if (obj.body === 'static' || obj.sensor) {","        obj.mass = Infinity;","        obj.inertia = Infinity;","    }","","    obj.__tiledparsed = true;","","    return obj;","};",""],"l":{"1":1,"2":1,"4":1,"6":1,"8":1,"9":0,"10":0,"13":0,"14":0,"15":0,"16":0,"17":0,"20":1,"21":0,"22":0,"24":0,"25":0,"28":0,"31":1,"32":0,"35":1,"37":0,"38":0,"41":0,"42":0,"44":0,"45":0,"48":0,"61":1,"62":0,"65":0,"66":0,"73":0,"74":0,"77":0,"78":0,"82":0,"85":0,"97":1,"98":0,"100":0,"101":0,"104":0,"105":0,"106":0,"109":0,"110":0,"113":0,"114":0,"117":0,"118":0,"122":0,"123":0,"124":0,"131":0,"132":0,"135":0,"136":0,"137":0,"140":0,"142":0}},"/home/travis/build/npmtest/node-npmtest-phaser-tiled/node_modules/phaser-tiled/src/browser.js":{"path":"/home/travis/build/npmtest/node-npmtest-phaser-tiled/node_modules/phaser-tiled/src/browser.js","s":{"1":2,"2":2,"3":1,"4":0,"5":2,"6":0,"7":0,"8":0,"9":0,"10":0,"11":0,"12":0,"13":0,"14":0,"15":0,"16":0,"17":0,"18":0,"19":0,"20":0,"21":0,"22":0,"23":0,"24":0,"25":0,"26":0,"27":0,"28":0,"29":0,"30":0,"31":0,"32":0,"33":0,"34":0,"35":0,"36":0,"37":0,"38":0,"39":1,"40":0,"41":1,"42":0,"43":0,"44":0,"45":0,"46":0,"47":0,"48":0,"49":0,"50":0,"51":0,"52":0,"53":0,"54":0,"55":0,"56":0,"57":0,"58":0,"59":1,"60":0,"61":0,"62":0,"63":0,"64":0,"65":0,"66":0,"67":0,"68":0,"69":1,"70":0,"71":0,"72":0,"73":0,"74":0,"75":0,"76":0,"77":1,"78":0,"79":0,"80":0,"81":0,"82":0,"83":0,"84":0,"85":0,"86":0,"87":0,"88":0,"89":0,"90":0,"91":0,"92":0,"93":0,"94":1,"95":0,"96":0,"97":0,"98":0,"99":0,"100":0,"101":0,"102":0,"103":0,"104":0,"105":0,"106":0,"107":0,"108":0,"109":0,"110":0,"111":0,"112":0,"113":0,"114":0,"115":0,"116":0,"117":0,"118":0,"119":0,"120":0,"121":0,"122":0,"123":0,"124":0,"125":0,"126":0,"127":0,"128":0,"129":0,"130":0,"131":0,"132":0,"133":0},"b":{"1":[0,0],"2":[0,0],"3":[0,0],"4":[0,0],"5":[0,0],"6":[0,0],"7":[0,0],"8":[0,0],"9":[0,0],"10":[0,0],"11":[0,0],"12":[0,0,0],"13":[0,0],"14":[0,0],"15":[0,0],"16":[0,0],"17":[0,0],"18":[0,0],"19":[0,0],"20":[0,0],"21":[0,0],"22":[0,0],"23":[0,0],"24":[0,0],"25":[0,0],"26":[0,0],"27":[0,0],"28":[0,0],"29":[0,0],"30":[0,0,0,0,0,0,0,0,0,0,0,0,0,0,0,0],"31":[0,0],"32":[0,0]},"f":{"1":0,"2":0,"3":0,"4":0,"5":0,"6":0,"7":0,"8":0,"9":0},"fnMap":{"1":{"name":"Tiled","line":14,"loc":{"start":{"line":14,"column":0},"end":{"line":14,"column":29}}},"2":{"name":"(anonymous_2)","line":53,"loc":{"start":{"line":53,"column":23},"end":{"line":53,"column":35}}},"3":{"name":"(anonymous_3)","line":71,"loc":{"start":{"line":71,"column":26},"end":{"line":71,"column":38}}},"4":{"name":"GameObjectFactory_tiledmap","line":91,"loc":{"start":{"line":91,"column":0},"end":{"line":91,"column":48}}},"5":{"name":"Loader_tiledmap","line":107,"loc":{"start":{"line":107,"column":0},"end":{"line":107,"column":49}}},"6":{"name":"Loader_loadFile","line":149,"loc":{"start":{"line":149,"column":0},"end":{"line":149,"column":31}}},"7":{"name":"Loader_jsonLoadComplete","line":175,"loc":{"start":{"line":175,"column":0},"end":{"line":175,"column":44}}},"8":{"name":"Loader_xmlLoadComplete","line":201,"loc":{"start":{"line":201,"column":0},"end":{"line":201,"column":43}}},"9":{"name":"Loader_processPack","line":235,"loc":{"start":{"line":235,"column":0},"end":{"line":235,"column":34}}}},"statementMap":{"1":{"start":{"line":1,"column":0},"end":{"line":1,"column":31}},"2":{"start":{"line":2,"column":0},"end":{"line":2,"column":35}},"3":{"start":{"line":14,"column":0},"end":{"line":16,"column":1}},"4":{"start":{"line":15,"column":4},"end":{"line":15,"column":43}},"5":{"start":{"line":19,"column":0},"end":{"line":19,"column":57}},"6":{"start":{"line":20,"column":0},"end":{"line":20,"column":36}},"7":{"start":{"line":22,"column":0},"end":{"line":22,"column":23}},"8":{"start":{"line":25,"column":0},"end":{"line":25,"column":49}},"9":{"start":{"line":26,"column":0},"end":{"line":26,"column":49}},"10":{"start":{"line":27,"column":0},"end":{"line":27,"column":51}},"11":{"start":{"line":28,"column":0},"end":{"line":28,"column":53}},"12":{"start":{"line":29,"column":0},"end":{"line":29,"column":28}},"13":{"start":{"line":31,"column":0},"end":{"line":51,"column":2}},"14":{"start":{"line":53,"column":0},"end":{"line":69,"column":2}},"15":{"start":{"line":54,"column":4},"end":{"line":54,"column":77}},"16":{"start":{"line":55,"column":4},"end":{"line":55,"column":55}},"17":{"start":{"line":56,"column":4},"end":{"line":56,"column":55}},"18":{"start":{"line":57,"column":4},"end":{"line":57,"column":71}},"19":{"start":{"line":58,"column":4},"end":{"line":58,"column":69}},"20":{"start":{"line":59,"column":4},"end":{"line":59,"column":61}},"21":{"start":{"line":61,"column":4},"end":{"line":64,"column":5}},"22":{"start":{"line":62,"column":8},"end":{"line":62,"column":81}},"23":{"start":{"line":63,"column":8},"end":{"line":63,"column":107}},"24":{"start":{"line":66,"column":4},"end":{"line":68,"column":5}},"25":{"start":{"line":67,"column":8},"end":{"line":67,"column":87}},"26":{"start":{"line":71,"column":0},"end":{"line":89,"column":2}},"27":{"start":{"line":72,"column":4},"end":{"line":72,"column":59}},"28":{"start":{"line":74,"column":4},"end":{"line":74,"column":87}},"29":{"start":{"line":75,"column":4},"end":{"line":75,"column":65}},"30":{"start":{"line":76,"column":4},"end":{"line":76,"column":65}},"31":{"start":{"line":77,"column":4},"end":{"line":77,"column":81}},"32":{"start":{"line":78,"column":4},"end":{"line":78,"column":79}},"33":{"start":{"line":79,"column":4},"end":{"line":79,"column":71}},"34":{"start":{"line":81,"column":4},"end":{"line":84,"column":5}},"35":{"start":{"line":82,"column":8},"end":{"line":82,"column":91}},"36":{"start":{"line":83,"column":8},"end":{"line":83,"column":117}},"37":{"start":{"line":86,"column":4},"end":{"line":88,"column":5}},"38":{"start":{"line":87,"column":8},"end":{"line":87,"column":97}},"39":{"start":{"line":91,"column":0},"end":{"line":93,"column":1}},"40":{"start":{"line":92,"column":4},"end":{"line":92,"column":52}},"41":{"start":{"line":107,"column":0},"end":{"line":147,"column":1}},"42":{"start":{"line":108,"column":4},"end":{"line":108,"column":70}},"43":{"start":{"line":108,"column":41},"end":{"line":108,"column":68}},"44":{"start":{"line":111,"column":4},"end":{"line":115,"column":5}},"45":{"start":{"line":112,"column":8},"end":{"line":112,"column":94}},"46":{"start":{"line":114,"column":8},"end":{"line":114,"column":20}},"47":{"start":{"line":119,"column":4},"end":{"line":144,"column":5}},"48":{"start":{"line":120,"column":8},"end":{"line":138,"column":9}},"49":{"start":{"line":123,"column":16},"end":{"line":123,"column":22}},"50":{"start":{"line":127,"column":16},"end":{"line":129,"column":17}},"51":{"start":{"line":128,"column":20},"end":{"line":128,"column":44}},"52":{"start":{"line":130,"column":16},"end":{"line":130,"column":22}},"53":{"start":{"line":134,"column":16},"end":{"line":136,"column":17}},"54":{"start":{"line":135,"column":20},"end":{"line":135,"column":48}},"55":{"start":{"line":137,"column":16},"end":{"line":137,"column":22}},"56":{"start":{"line":140,"column":8},"end":{"line":140,"column":60}},"57":{"start":{"line":143,"column":8},"end":{"line":143,"column":69}},"58":{"start":{"line":146,"column":4},"end":{"line":146,"column":16}},"59":{"start":{"line":149,"column":0},"end":{"line":166,"column":1}},"60":{"start":{"line":150,"column":4},"end":{"line":150,"column":53}},"61":{"start":{"line":152,"column":4},"end":{"line":165,"column":5}},"62":{"start":{"line":153,"column":8},"end":{"line":164,"column":9}},"63":{"start":{"line":154,"column":12},"end":{"line":154,"column":97}},"64":{"start":{"line":156,"column":13},"end":{"line":164,"column":9}},"65":{"start":{"line":157,"column":12},"end":{"line":157,"column":96}},"66":{"start":{"line":159,"column":13},"end":{"line":164,"column":9}},"67":{"start":{"line":160,"column":12},"end":{"line":160,"column":96}},"68":{"start":{"line":163,"column":12},"end":{"line":163,"column":79}},"69":{"start":{"line":175,"column":0},"end":{"line":192,"column":1}},"70":{"start":{"line":176,"column":4},"end":{"line":176,"column":44}},"71":{"start":{"line":178,"column":4},"end":{"line":189,"column":5}},"72":{"start":{"line":180,"column":8},"end":{"line":180,"column":74}},"73":{"start":{"line":182,"column":9},"end":{"line":189,"column":5}},"74":{"start":{"line":184,"column":8},"end":{"line":184,"column":58}},"75":{"start":{"line":188,"column":8},"end":{"line":188,"column":90}},"76":{"start":{"line":191,"column":4},"end":{"line":191,"column":29}},"77":{"start":{"line":201,"column":0},"end":{"line":232,"column":1}},"78":{"start":{"line":203,"column":4},"end":{"line":203,"column":32}},"79":{"start":{"line":204,"column":4},"end":{"line":204,"column":34}},"80":{"start":{"line":206,"column":4},"end":{"line":212,"column":5}},"81":{"start":{"line":208,"column":8},"end":{"line":208,"column":63}},"82":{"start":{"line":209,"column":8},"end":{"line":209,"column":93}},"83":{"start":{"line":210,"column":8},"end":{"line":210,"column":48}},"84":{"start":{"line":211,"column":8},"end":{"line":211,"column":15}},"85":{"start":{"line":214,"column":4},"end":{"line":228,"column":5}},"86":{"start":{"line":215,"column":8},"end":{"line":215,"column":73}},"87":{"start":{"line":217,"column":9},"end":{"line":228,"column":5}},"88":{"start":{"line":219,"column":8},"end":{"line":219,"column":104}},"89":{"start":{"line":221,"column":9},"end":{"line":228,"column":5}},"90":{"start":{"line":223,"column":8},"end":{"line":223,"column":89}},"91":{"start":{"line":225,"column":9},"end":{"line":228,"column":5}},"92":{"start":{"line":227,"column":8},"end":{"line":227,"column":56}},"93":{"start":{"line":230,"column":4},"end":{"line":230,"column":29}},"94":{"start":{"line":235,"column":0},"end":{"line":316,"column":1}},"95":{"start":{"line":236,"column":4},"end":{"line":236,"column":39}},"96":{"start":{"line":238,"column":4},"end":{"line":242,"column":5}},"97":{"start":{"line":240,"column":8},"end":{"line":240,"column":94}},"98":{"start":{"line":241,"column":8},"end":{"line":241,"column":15}},"99":{"start":{"line":244,"column":4},"end":{"line":315,"column":5}},"100":{"start":{"line":246,"column":8},"end":{"line":246,"column":31}},"101":{"start":{"line":248,"column":8},"end":{"line":314,"column":9}},"102":{"start":{"line":251,"column":16},"end":{"line":251,"column":63}},"103":{"start":{"line":252,"column":16},"end":{"line":252,"column":22}},"104":{"start":{"line":255,"column":16},"end":{"line":255,"column":62}},"105":{"start":{"line":256,"column":16},"end":{"line":256,"column":22}},"106":{"start":{"line":259,"column":16},"end":{"line":259,"column":62}},"107":{"start":{"line":260,"column":16},"end":{"line":260,"column":22}},"108":{"start":{"line":263,"column":16},"end":{"line":263,"column":93}},"109":{"start":{"line":264,"column":16},"end":{"line":264,"column":22}},"110":{"start":{"line":267,"column":16},"end":{"line":267,"column":93}},"111":{"start":{"line":268,"column":16},"end":{"line":268,"column":22}},"112":{"start":{"line":271,"column":16},"end":{"line":272,"column":66}},"113":{"start":{"line":273,"column":16},"end":{"line":273,"column":22}},"114":{"start":{"line":276,"column":16},"end":{"line":276,"column":65}},"115":{"start":{"line":277,"column":16},"end":{"line":277,"column":22}},"116":{"start":{"line":280,"column":16},"end":{"line":280,"column":62}},"117":{"start":{"line":281,"column":16},"end":{"line":281,"column":22}},"118":{"start":{"line":284,"column":16},"end":{"line":284,"column":89}},"119":{"start":{"line":285,"column":16},"end":{"line":285,"column":22}},"120":{"start":{"line":288,"column":16},"end":{"line":288,"column":89}},"121":{"start":{"line":289,"column":16},"end":{"line":289,"column":22}},"122":{"start":{"line":292,"column":16},"end":{"line":292,"column":88}},"123":{"start":{"line":293,"column":16},"end":{"line":293,"column":22}},"124":{"start":{"line":296,"column":16},"end":{"line":296,"column":116}},"125":{"start":{"line":297,"column":16},"end":{"line":297,"column":22}},"126":{"start":{"line":300,"column":16},"end":{"line":300,"column":94}},"127":{"start":{"line":301,"column":16},"end":{"line":301,"column":22}},"128":{"start":{"line":304,"column":16},"end":{"line":304,"column":93}},"129":{"start":{"line":305,"column":16},"end":{"line":305,"column":22}},"130":{"start":{"line":308,"column":16},"end":{"line":308,"column":88}},"131":{"start":{"line":309,"column":16},"end":{"line":309,"column":22}},"132":{"start":{"line":312,"column":16},"end":{"line":312,"column":113}},"133":{"start":{"line":313,"column":16},"end":{"line":313,"column":22}}},"branchMap":{"1":{"line":44,"type":"cond-expr","locations":[{"start":{"line":44,"column":49},"end":{"line":44,"column":92}},{"start":{"line":44,"column":95},"end":{"line":44,"column":99}}]},"2":{"line":45,"type":"cond-expr","locations":[{"start":{"line":45,"column":62},"end":{"line":45,"column":118}},{"start":{"line":45,"column":121},"end":{"line":45,"column":125}}]},"3":{"line":48,"type":"cond-expr","locations":[{"start":{"line":48,"column":52},"end":{"line":48,"column":98}},{"start":{"line":48,"column":101},"end":{"line":48,"column":105}}]},"4":{"line":61,"type":"if","locations":[{"start":{"line":61,"column":4},"end":{"line":61,"column":4}},{"start":{"line":61,"column":4},"end":{"line":61,"column":4}}]},"5":{"line":66,"type":"if","locations":[{"start":{"line":66,"column":4},"end":{"line":66,"column":4}},{"start":{"line":66,"column":4},"end":{"line":66,"column":4}}]},"6":{"line":81,"type":"if","locations":[{"start":{"line":81,"column":4},"end":{"line":81,"column":4}},{"start":{"line":81,"column":4},"end":{"line":81,"column":4}}]},"7":{"line":86,"type":"if","locations":[{"start":{"line":86,"column":4},"end":{"line":86,"column":4}},{"start":{"line":86,"column":4},"end":{"line":86,"column":4}}]},"8":{"line":108,"type":"if","locations":[{"start":{"line":108,"column":4},"end":{"line":108,"column":4}},{"start":{"line":108,"column":4},"end":{"line":108,"column":4}}]},"9":{"line":111,"type":"if","locations":[{"start":{"line":111,"column":4},"end":{"line":111,"column":4}},{"start":{"line":111,"column":4},"end":{"line":111,"column":4}}]},"10":{"line":111,"type":"binary-expr","locations":[{"start":{"line":111,"column":8},"end":{"line":111,"column":19}},{"start":{"line":111,"column":23},"end":{"line":111,"column":35}}]},"11":{"line":119,"type":"if","locations":[{"start":{"line":119,"column":4},"end":{"line":119,"column":4}},{"start":{"line":119,"column":4},"end":{"line":119,"column":4}}]},"12":{"line":120,"type":"switch","locations":[{"start":{"line":122,"column":12},"end":{"line":123,"column":22}},{"start":{"line":126,"column":12},"end":{"line":130,"column":22}},{"start":{"line":133,"column":12},"end":{"line":137,"column":22}}]},"13":{"line":127,"type":"if","locations":[{"start":{"line":127,"column":16},"end":{"line":127,"column":16}},{"start":{"line":127,"column":16},"end":{"line":127,"column":16}}]},"14":{"line":134,"type":"if","locations":[{"start":{"line":134,"column":16},"end":{"line":134,"column":16}},{"start":{"line":134,"column":16},"end":{"line":134,"column":16}}]},"15":{"line":152,"type":"if","locations":[{"start":{"line":152,"column":4},"end":{"line":152,"column":4}},{"start":{"line":152,"column":4},"end":{"line":152,"column":4}}]},"16":{"line":153,"type":"if","locations":[{"start":{"line":153,"column":8},"end":{"line":153,"column":8}},{"start":{"line":153,"column":8},"end":{"line":153,"column":8}}]},"17":{"line":156,"type":"if","locations":[{"start":{"line":156,"column":13},"end":{"line":156,"column":13}},{"start":{"line":156,"column":13},"end":{"line":156,"column":13}}]},"18":{"line":159,"type":"if","locations":[{"start":{"line":159,"column":13},"end":{"line":159,"column":13}},{"start":{"line":159,"column":13},"end":{"line":159,"column":13}}]},"19":{"line":178,"type":"if","locations":[{"start":{"line":178,"column":4},"end":{"line":178,"column":4}},{"start":{"line":178,"column":4},"end":{"line":178,"column":4}}]},"20":{"line":178,"type":"binary-expr","locations":[{"start":{"line":178,"column":8},"end":{"line":178,"column":31}},{"start":{"line":178,"column":35},"end":{"line":178,"column":59}}]},"21":{"line":182,"type":"if","locations":[{"start":{"line":182,"column":9},"end":{"line":182,"column":9}},{"start":{"line":182,"column":9},"end":{"line":182,"column":9}}]},"22":{"line":206,"type":"if","locations":[{"start":{"line":206,"column":4},"end":{"line":206,"column":4}},{"start":{"line":206,"column":4},"end":{"line":206,"column":4}}]},"23":{"line":208,"type":"binary-expr","locations":[{"start":{"line":208,"column":27},"end":{"lin
[...]
382,"column":25}},"106":{"start":{"line":383,"column":4},"end":{"line":383,"column":31}},"107":{"start":{"line":392,"column":0},"end":{"line":396,"column":2}},"108":{"start":{"line":398,"column":0},"end":{"line":398,"column":13}},"109":{"start":{"line":399,"column":0},"end":{"line":401,"column":1}},"110":{"start":{"line":400,"column":4},"end":{"line":400,"column":29}},"111":{"start":{"line":403,"column":0},"end":{"line":403,"column":25}}},"branchMap":{"1":{"line":40,"type":"if","locations":[{"start":{"line":40,"column":4},"end":{"line":40,"column":4}},{"start":{"line":40,"column":4},"end":{"line":40,"column":4}}]},"2":{"line":40,"type":"binary-expr","locations":[{"start":{"line":40,"column":8},"end":{"line":40,"column":11}},{"start":{"line":40,"column":15},"end":{"line":40,"column":29}}]},"3":{"line":46,"type":"if","locations":[{"start":{"line":46,"column":12},"end":{"line":46,"column":12}},{"start":{"line":46,"column":12},"end":{"line":46,"column":12}}]},"4":{"line":50,"type":"if","locations":[{"start":{"line":50,"column":16},"end":{"line":50,"column":16}},{"start":{"line":50,"column":16},"end":{"line":50,"column":16}}]},"5":{"line":64,"type":"if","locations":[{"start":{"line":64,"column":4},"end":{"line":64,"column":4}},{"start":{"line":64,"column":4},"end":{"line":64,"column":4}}]},"6":{"line":64,"type":"binary-expr","locations":[{"start":{"line":64,"column":8},"end":{"line":64,"column":11}},{"start":{"line":64,"column":15},"end":{"line":64,"column":36}}]},"7":{"line":71,"type":"binary-expr","locations":[{"start":{"line":71,"column":28},"end":{"line":71,"column":30}},{"start":{"line":71,"column":34},"end":{"line":71,"column":71}}]},"8":{"line":85,"type":"binary-expr","locations":[{"start":{"line":85,"column":20},"end":{"line":85,"column":37}},{"start":{"line":85,"column":41},"end":{"line":85,"column":42}}]},"9":{"line":117,"type":"binary-expr","locations":[{"start":{"line":117,"column":19},"end":{"line":117,"column":35}},{"start":{"line":117,"column":39},"end":{"line":117,"column":40}}]},"10":{"line":125,"type":"binary-expr","locations":[{"start":{"line":125,"column":18},"end":{"line":125,"column":33}},{"start":{"line":125,"column":37},"end":{"line":125,"column":38}}]},"11":{"line":134,"type":"cond-expr","locations":[{"start":{"line":134,"column":30},"end":{"line":134,"column":51}},{"start":{"line":134,"column":54},"end":{"line":134,"column":55}}]},"12":{"line":135,"type":"cond-expr","locations":[{"start":{"line":135,"column":30},"end":{"line":135,"column":51}},{"start":{"line":135,"column":54},"end":{"line":135,"column":55}}]},"13":{"line":149,"type":"cond-expr","locations":[{"start":{"line":149,"column":38},"end":{"line":149,"column":57}},{"start":{"line":149,"column":60},"end":{"line":152,"column":5}}]},"14":{"line":160,"type":"cond-expr","locations":[{"start":{"line":160,"column":54},"end":{"line":160,"column":69}},{"start":{"line":160,"column":73},"end":{"line":160,"column":113}}]},"15":{"line":160,"type":"binary-expr","locations":[{"start":{"line":160,"column":74},"end":{"line":160,"column":107}},{"start":{"line":160,"column":112},"end":{"line":160,"column":113}}]},"16":{"line":189,"type":"cond-expr","locations":[{"start":{"line":189,"column":34},"end":{"line":189,"column":56}},{"start":{"line":189,"column":59},"end":{"line":192,"column":5}}]},"17":{"line":190,"type":"binary-expr","locations":[{"start":{"line":190,"column":8},"end":{"line":190,"column":27}},{"start":{"line":190,"column":31},"end":{"line":190,"column":53}}]},"18":{"line":191,"type":"binary-expr","locations":[{"start":{"line":191,"column":8},"end":{"line":191,"column":28}},{"start":{"line":191,"column":32},"end":{"line":191,"column":55}}]},"19":{"line":200,"type":"cond-expr","locations":[{"start":{"line":200,"column":38},"end":{"line":200,"column":50}},{"start":{"line":200,"column":53},"end":{"line":200,"column":55}}]},"20":{"line":217,"type":"binary-expr","locations":[{"start":{"line":217,"column":22},"end":{"line":217,"column":36}},{"start":{"line":217,"column":40},"end":{"line":217,"column":42}}]},"21":{"line":233,"type":"if","locations":[{"start":{"line":233,"column":4},"end":{"line":233,"column":4}},{"start":{"line":233,"column":4},"end":{"line":233,"column":4}}]},"22":{"line":245,"type":"if","locations":[{"start":{"line":245,"column":4},"end":{"line":245,"column":4}},{"start":{"line":245,"column":4},"end":{"line":245,"column":4}}]},"23":{"line":249,"type":"cond-expr","locations":[{"start":{"line":251,"column":8},"end":{"line":251,"column":35}},{"start":{"line":253,"column":8},"end":{"line":255,"column":9}}]},"24":{"line":272,"type":"if","locations":[{"start":{"line":272,"column":4},"end":{"line":272,"column":4}},{"start":{"line":272,"column":4},"end":{"line":272,"column":4}}]},"25":{"line":279,"type":"if","locations":[{"start":{"line":279,"column":4},"end":{"line":279,"column":4}},{"start":{"line":279,"column":4},"end":{"line":279,"column":4}}]},"26":{"line":284,"type":"if","locations":[{"start":{"line":284,"column":4},"end":{"line":284,"column":4}},{"start":{"line":284,"column":4},"end":{"line":284,"column":4}}]},"27":{"line":288,"type":"if","locations":[{"start":{"line":288,"column":4},"end":{"line":288,"column":4}},{"start":{"line":288,"column":4},"end":{"line":288,"column":4}}]},"28":{"line":288,"type":"binary-expr","locations":[{"start":{"line":288,"column":8},"end":{"line":288,"column":31}},{"start":{"line":288,"column":35},"end":{"line":288,"column":68}}]},"29":{"line":314,"type":"if","locations":[{"start":{"line":314,"column":4},"end":{"line":314,"column":4}},{"start":{"line":314,"column":4},"end":{"line":314,"column":4}}]},"30":{"line":322,"type":"if","locations":[{"start":{"line":322,"column":4},"end":{"line":322,"column":4}},{"start":{"line":322,"column":4},"end":{"line":322,"column":4}}]},"31":{"line":327,"type":"if","locations":[{"start":{"line":327,"column":4},"end":{"line":327,"column":4}},{"start":{"line":327,"column":4},"end":{"line":327,"column":4}}]},"32":{"line":327,"type":"binary-expr","locations":[{"start":{"line":327,"column":8},"end":{"line":327,"column":23}},{"start":{"line":327,"column":27},"end":{"line":327,"column":48}}]},"33":{"line":354,"type":"if","locations":[{"start":{"line":354,"column":4},"end":{"line":354,"column":4}},{"start":{"line":354,"column":4},"end":{"line":354,"column":4}}]},"34":{"line":360,"type":"binary-expr","locations":[{"start":{"line":360,"column":12},"end":{"line":360,"column":35}},{"start":{"line":360,"column":39},"end":{"line":360,"column":61}}]}},"code":["var utils = require('../utils');","","/**"," * This object represents a tileset used by a Tilemap."," * There can be multiple Tilesets in a map"," *"," * @class Tileset"," * @extends Texture"," * @constructor"," * @param game {Phaser.Game} Phaser game this belongs to."," * @param key {string} The name of the tiledmap, this is usually the filename without the extension."," * @param settings {Object} All the settings for the tileset"," * @param settings.tilewidth {Number} The width of a single tile in the set"," * @param settings.tileheight {Number} The height of a single tile in the set"," * @param [settings.firstgid=1] {Number} The id of the first tile in the set, defaults to 1"," * @param [settings.spacing=0] {Number} The spacing around tiles in the tileset (in pixels)"," * @param [settings.margin=0] {Number} The margin around a tile in the tileset (in pixels)"," * @param [settings.tileoffset] {Object} The offset to apply to a tile rendered from this tileset"," * @param [settings.tileoffset.x=0] {Number} The X offset to apply to the tile"," * @param [settings.tileoffset.y=0] {Number} The Y offset to apply to the tile"," * @param [settings.properties] {Object} User-defined, custom properties that apply to the tileset"," * @param [settings.tileproperties] {Object} User-defined, custom properties that apply to tiles in the tileset."," *          The keys of this object should the tile id of the properties"," * @param [settings.tiles] {Object} Extra metadata about specific tiles"," * @param [settings.imagewidth] {Number} An override for the image width"," * @param [settings.imageheight] {Number} An override for the image height"," */","// TODO: Support external tilesets (TSX files) via the \"source\" attribute","// see: https://github.com/bjorn/tiled/wiki/TMX-Map-Format#tileset","function Tileset(game, key, settings) {","    var txkey = utils.cacheKey(key, 'tileset', settings.name);","    var tx = game.cache.getPixiBaseTexture(txkey);","    var ids;","    var ttxkey;","    var ttx;","    var tileTextures = {};","    var numTileTextures = 0;","","    // if no main texture, check if multi-image tileset","    if (!tx && settings.tiles) {","        // need to sort because order matters here, and can't guarantee that the object's keys will be ordered.","        // We need a custom comparator because .sort() is lexagraphic, not numeric.","        ids = Object.keys(settings.tiles).sort(function (a, b) { return parseInt(a, 10) - parseInt(b, 10); });","","        for (var i = 0; i < ids.length; ++i) {","            if (settings.tiles[ids[i]].image) {","                ttxkey = utils.cacheKey(key, 'tileset_image_' + ids[i], settings.name);","                ttx = game.cache.getPixiTexture(ttxkey);","","                if (!ttx) {","                    console.warn(","                        'Tileset \"' + settings.name + '\" unable to find texture cached by key \"' +","                        ttxkey + '\", using blank texture.'","                    );","                    ttx = PIXI.Texture.emptyTexture;","                }","","                tileTextures[numTileTextures++] = ttx;","            }","        }","    }","","    // if no main texture, and we didn't find any image tiles then warn about blank tileset","    if (!tx && numTileTextures === 0) {","        console.warn(","            'Tileset \"' + settings.name + '\" unable to find texture cached by key \"' +","            txkey +  '\", using blank texture.'","        );","    }","","    PIXI.Texture.call(this, tx || PIXI.Texture.emptyTexture.baseTexture);","","    this.game = game;","","    this.multiImage = numTileTextures > 0;","","    // Tiled Editor properties","","    /**","     * The first tileId in the tileset","     *","     * @property firstgid","     * @type Number","     */","    this.firstgid = settings.firstgid || 1;","","    /**","     * The name of the tileset","     *","     * @property name","     * @type String","     */","    this.name = settings.name;","","    /**","     * The width of a tile in the tileset","     *","     * @property tileWidth","     * @type Number","     */","    this.tileWidth = settings.tilewidth;","","    /**","     * The height of a tile in the tileset","     *","     * @property tileHeight","     * @type Number","     */","    this.tileHeight = settings.tileheight;","","    /**","     * The spacing around a tile in the tileset","     *","     * @property spacing","     * @type Number","     */","    this.spacing = settings.spacing || 0;","","    /**","     * The margin around a tile in the tileset","     *","     * @property margin","     * @type Number","     */","    this.margin = settings.margin || 0;","","    /**","     * The offset of tile positions when rendered","     *","     * @property tileoffset","     * @type Phaser.Point","     */","    this.tileoffset = new Phaser.Point(","        settings.tileoffset ? settings.tileoffset.x : 0,","        settings.tileoffset ? settings.tileoffset.y : 0","    );","","    // TODO: Support for \"terraintypes,\" \"image\"","    // see: https://github.com/bjorn/tiled/wiki/TMX-Map-Format#tileset","","    // Custom/Optional properties","","    /**","     * The number of tiles calculated based on size, margin, and spacing","     *","     * @property numTiles","     * @type Vector","     */","    this.numTiles = this.multiImage ? tileTextures.length : new Phaser.Point(","        Math.round((this.baseTexture.width - this.margin) / (this.tileWidth + this.spacing)),","        Math.round((this.baseTexture.height - this.margin) / (this.tileHeight + this.spacing))","    );","","    /**","     * The last tileId in the tileset","     *","     * @property lastgid","     * @type Number","     */","    this.lastgid = this.firstgid + (this.multiImage ? numTileTextures : ((this.numTiles.x * this.numTiles.y) || 1)) - 1;","","    /**","     * The properties of the tileset","     *","     * @property properties","     * @type Object","     */","    this.properties = utils.parseTiledProperties(settings.properties);","","    /**","     * The properties of the tiles in the tileset","     *","     * @property tileproperties","     * @type Object","     */","    this.tileproperties = {};","","    // massage tile tileproperties","    for (var k in settings.tileproperties) {","        this.tileproperties[k] = utils.parseTiledProperties(settings.tileproperties[k]);","    }","","    /**","     * The size of the tileset","     *","     * @property size","     * @type Vector","     */","    this.size = this.multiImage ? new Phaser.Point(0, 0) : new Phaser.Point(","        settings.imagewidth || this.baseTexture.width,","        settings.imageheight || this.baseTexture.height","    );","","    /**","     * The texture instances for each tile in the set","     *","     * @property textures","     * @type Array","     */","    this.textures = this.multiImage ? tileTextures : {};","","    /**","     * The animation data for tile animations in the set","     *","     * @property tileanimations","     * @type Object","     */","    this.tileanimations = {};","","    /**","     * Internal tiles config data.","     *","     * @property _tilesData","     * @type Object","     * @private","     */","    this._tilesData = settings.tiles || {};","}","","Tileset.prototype = Object.create(PIXI.Texture.prototype);","Tileset.prototype.constructor = Tileset;","","module.exports = Tileset;","","/**"," * Gets the tile properties for a tile based on it's ID"," *"," * @method getTileProperties"," * @param tileId {Number} The id of the tile to get the properties for"," * @return {Object} The properties of the tile"," */","Tileset.prototype.getTileProperties = function (tileId) {","    if (!tileId) {","        return null;","    }","","    var flags = Tileset.FLAGS;","    var flippedX = tileId & flags.FLIPPED_HORZ;","    var flippedY = tileId & flags.FLIPPED_VERT;","    var flippedAD = tileId & flags.FLIPPED_ANTI_DIAG;","","    tileId = (tileId & ~Tileset.FLAGS.ALL) - this.firstgid;","","    // if less than 0, then this id isn't in this tileset","    if (tileId < 0) {","        return null;","    }","","    var props = this.tileproperties[tileId] ?","        // get this value","        this.tileproperties[tileId] :","        // set this id to default values and cache","        this.tileproperties[tileId] = {","            collides: false","        };","","    props.flippedX = flippedX;","    props.flippedY = flippedY;","    props.flippedAD = flippedAD;","","    return props;","};","","/**"," * Gets the tile animations for a tile based on it's ID"," *"," * @method getTileProperties"," * @param tileId {Number} The id of the tile to get the animation frames for"," * @return {Phaser.FrameData} The frame data of the tile"," */","Tileset.prototype.getTileAnimations = function (tileId) {","    if (!tileId) {","        return null;","    }","","    tileId = (tileId & ~Tileset.FLAGS.ALL) - this.firstgid;","","    // if less than 0, then this id isn't in this tileset","    if (tileId < 0) {","        return null;","    }","","    // if we have already created the animation data","    if (this.tileanimations[tileId]) {","        return this.tileanimations[tileId];","    }","","    if (this._tilesData[tileId] && this._tilesData[tileId].animation) {","        this.tileanimations[tileId] = {","            rate: 1000 / this._tilesData[tileId].animation[0].duration,","            data: new Phaser.FrameData()","        };","","        for (var i = 0; i < this._tilesData[tileId].animation.length; ++i) {","            var frame = this.getTileTexture(this._tilesData[tileId].animation[i].tileid + this.firstgid).frame;","","            this.tileanimations[tileId].data.addFrame(","                new Phaser.Frame(i, frame.x, frame.y, frame.width, frame.height)","            );","        }","    }","","    return null;","};","","/**"," * Gets the tile texture for a tile based on it's ID"," *"," * @method getTileTexture"," * @param tileId {Number} The id of the tile to get the texture for"," * @return {Texture} The texture for the tile"," */","Tileset.prototype.getTileTexture = function (tileId) {","    if (!tileId) {","        return null;","    }","","    // get the internal ID of the tile in this set (0 indexed)","    tileId = (tileId & ~Tileset.FLAGS.ALL) - this.firstgid;","","    // if less than 0, then this id isn't in this tileset","    if (tileId < 0) {","        return null;","    }","","    // multi image set or we have cached the texture, just return it","    if (this.multiImage || this.textures[tileId]) {","        return this.textures[tileId];","    }","","    // generate this tile's texture then cache it.","    // convert the tileId to x,y coords of the tile in the Texture","    var y = Phaser.Math.floorTo(tileId / this.numTiles.x);","    var x = (tileId - (y * this.numTiles.x));","","    // get location in pixels","    x = (x * this.tileWidth) + (x * this.spacing) + this.margin;","    y = (y * this.tileHeight) + (y * this.spacing) + this.margin;","","    return (this.textures[tileId] = new PIXI.Texture(","        this.baseTexture,","        new Phaser.Rectangle(x, y, this.tileWidth, this.tileHeight)","    ));","};","","/**"," * Returns whether or not this tileset contains the given tile guid"," *"," * @method contains"," * @param tileId {Number} The ID of the tile to check"," * @return {Boolean}"," */","Tileset.prototype.contains = function (tileId) {","    if (!tileId) {","        return false;","    }","","    tileId &= ~Tileset.FLAGS.ALL;","","    return (tileId >= this.firstgid && tileId <= this.lastgid);","};","","Tileset.prototype.destroy = function () {","    utils.destroyTexture(this, false);","","    // destroy tile textures","    for (var id in this.textures) {","        utils.destroyTexture(this.textures[id]);","    }","","    // destroy tile animations","    for (var jd in this.tileanimations) {","        this.tileanimations[jd]._frames = null;","        this.tileanimations[jd]._frameNames = null;","    }","","    this.tileoffset = null;","    this.numTiles = null;","    this.properties = null;","    this.tileproperties = null;","    this.size = null;","    this.textures = null;","    this.tileanimations = null;","};","","/**"," * Tileset GID flags, these flags are set on a tile's ID to give it a special property"," *"," * @property FLAGS"," * @static"," */","Tileset.FLAGS = {","    FLIPPED_HORZ: 0x80000000,","    FLIPPED_VERT: 0x40000000,","    FLIPPED_ANTI_DIAG: 0x20000000","};","","var mask = 0;","for (var f in Tileset.FLAGS) {","    mask |= Tileset.FLAGS[f];","}","","Tileset.FLAGS.ALL = mask;",""],"l":{"1":2,"30":1,"31":0,"32":0,"33":0,"34":0,"35":0,"36":0,"37":0,"40":0,"43":0,"45":0,"46":0,"47":0,"48":0,"50":0,"51":0,"55":0,"58":0,"64":0,"65":0,"71":0,"73":0,"75":0,"85":0,"93":0,"101":0,"109":0,"117":0,"125":0,"133":0,"149":0,"160":0,"168":0,"176":0,"179":0,"180":0,"189":0,"200":0,"208":0,"217":0,"220":2,"221":0,"223":0,"232":0,"233":0,"234":0,"237":0,"238":0,"239":0,"240":0,"242":0,"245":0,"246":0,"249":0,"257":0,"258":0,"259":0,"261":0,"271":0,"272":0,"273":0,"276":0,"279":0,"280":0,"284":0,"285":0,"288":0,"289":0,"294":0,"295":0,"297":0,"303":0,"313":0,"314":0,"315":0,"319":0,"322":0,"323":0,"327":0,"328":0,"333":0,"334":0,"337":0,"338":0,"340":0,"353":0,"354":0,"355":0,"358":0,"360":0,"363":0,"364":0,"367":0,"368":0,"372":0,"373":0,"374":0,"377":0,"378":0,"379":0,"380":0,"381":0,"382":0,"383":0,"392":0,"398":0,"399":0,"400":0,"403":0}}}